#
# There is insufficient memory for the Java Runtime Environment to continue.
# Native memory allocation (malloc) failed to allocate 32744 bytes for ChunkPool::allocate
# Possible reasons:
#   The system is out of physical RAM or swap space
#   In 32 bit mode, the process size limit was hit
# Possible solutions:
#   Reduce memory load on the system
#   Increase physical memory or swap space
#   Check if swap backing store is full
#   Use 64 bit Java on a 64 bit OS
#   Decrease Java heap size (-Xmx/-Xms)
#   Decrease number of Java threads
#   Decrease Java thread stack sizes (-Xss)
#   Set larger code cache with -XX:ReservedCodeCacheSize=
# This output file may be truncated or incomplete.
#
#  Out of Memory Error (allocation.cpp:273), pid=27988, tid=19684
#
# JRE version: Java(TM) SE Runtime Environment (8.0_51-b16) (build 1.8.0_51-b16)
# Java VM: Java HotSpot(TM) 64-Bit Server VM (25.51-b03 mixed mode windows-amd64 compressed oops)
# Failed to write core dump. Minidumps are not enabled by default on client versions of Windows
#

---------------  T H R E A D  ---------------

Current thread (0x0000000058b36800):  JavaThread "C2 CompilerThread1" daemon [_thread_in_native, id=19684, stack(0x0000000059670000,0x0000000059770000)]

Stack: [0x0000000059670000,0x0000000059770000]
Native frames: (J=compiled Java code, j=interpreted, Vv=VM code, C=native code)
V  [jvm.dll+0x32b4ca]


Current CompileTask:
C2:  15339 2242       4       javafx.scene.CssStyleHelper::getStyle (162 bytes)


---------------  P R O C E S S  ---------------

Java Threads: ( => current thread )
  0x000000005a721000 JavaThread "Prism Font Disposer" daemon [_thread_blocked, id=25384, stack(0x000000005d2f0000,0x000000005d3f0000)]
  0x000000005a24e000 JavaThread "JavaFX-Launcher" [_thread_blocked, id=22560, stack(0x000000005cbb0000,0x000000005ccb0000)]
  0x000000005a24a800 JavaThread "Thread-2" daemon [_thread_in_native, id=3668, stack(0x000000005ca80000,0x000000005cb80000)]
  0x000000005a235800 JavaThread "JavaFX Application Thread" [_thread_in_native, id=32028, stack(0x000000005ad30000,0x000000005ae30000)]
  0x000000005a1f3000 JavaThread "Thread-1" daemon [_thread_blocked, id=36164, stack(0x000000005ab30000,0x000000005ac30000)]
  0x0000000058efd800 JavaThread "QuantumRenderer-0" daemon [_thread_blocked, id=34792, stack(0x0000000059cf0000,0x0000000059df0000)]
  0x0000000058b3a800 JavaThread "Service Thread" daemon [_thread_blocked, id=30136, stack(0x0000000059970000,0x0000000059a70000)]
  0x0000000058b38000 JavaThread "C1 CompilerThread2" daemon [_thread_blocked, id=19412, stack(0x0000000059830000,0x0000000059930000)]
=>0x0000000058b36800 JavaThread "C2 CompilerThread1" daemon [_thread_in_native, id=19684, stack(0x0000000059670000,0x0000000059770000)]
  0x0000000058b33000 JavaThread "C2 CompilerThread0" daemon [_thread_in_native, id=32424, stack(0x0000000059440000,0x0000000059540000)]
  0x0000000057520800 JavaThread "Attach Listener" daemon [_thread_blocked, id=31000, stack(0x00000000592d0000,0x00000000593d0000)]
  0x000000005751f800 JavaThread "Signal Dispatcher" daemon [_thread_blocked, id=14488, stack(0x0000000059190000,0x0000000059290000)]
  0x00000000574c8000 JavaThread "Finalizer" daemon [_thread_blocked, id=8436, stack(0x0000000058a30000,0x0000000058b30000)]
  0x00000000574c1000 JavaThread "Reference Handler" daemon [_thread_blocked, id=16060, stack(0x0000000058830000,0x0000000058930000)]
  0x000000000229f800 JavaThread "main" [_thread_blocked, id=17236, stack(0x00000000022b0000,0x00000000023b0000)]

Other Threads:
  0x00000000574bb800 VMThread [stack: 0x0000000058620000,0x0000000058720000] [id=12960]
  0x0000000058b44000 WatcherThread [stack: 0x0000000059b50000,0x0000000059c50000] [id=36844]

VM state:not at safepoint (normal execution)

VM Mutex/Monitor currently owned by a thread: None

Heap:
 PSYoungGen      total 37888K, used 21296K [0x00000000d6100000, 0x00000000d8b00000, 0x0000000100000000)
  eden space 32768K, 52% used [0x00000000d6100000,0x00000000d71acf18,0x00000000d8100000)
  from space 5120K, 82% used [0x00000000d8100000,0x00000000d851f1d0,0x00000000d8600000)
  to   space 5120K, 0% used [0x00000000d8600000,0x00000000d8600000,0x00000000d8b00000)
 ParOldGen       total 86016K, used 80K [0x0000000082200000, 0x0000000087600000, 0x00000000d6100000)
  object space 86016K, 0% used [0x0000000082200000,0x0000000082214010,0x0000000087600000)
 Metaspace       used 17411K, capacity 18344K, committed 18432K, reserved 1064960K
  class space    used 2538K, capacity 2741K, committed 2816K, reserved 1048576K

Card table byte_map: [0x0000000011b30000,0x0000000011f20000] byte_map_base: 0x000000001171f000

Marking Bits: (ParMarkBitMap*) 0x0000000077f74040
 Begin Bits: [0x0000000012850000, 0x00000000147c8000)
 End Bits:   [0x00000000147c8000, 0x0000000016740000)

Polling page: 0x00000000001c0000

CodeCache: size=245760Kb used=6694Kb max_used=6697Kb free=239065Kb
 bounds [0x0000000002770000, 0x0000000002e00000, 0x0000000011770000]
 total_blobs=2909 nmethods=2247 adapters=574
 compilation: enabled

Compilation events (10 events):
Event: 15.329 Thread 0x0000000058b38000 nmethod 2250 0x0000000002dfbb10 code [0x0000000002dfbce0, 0x0000000002dfc310]
Event: 15.330 Thread 0x0000000058b38000 2245       3       java.lang.Enum::hashCode (5 bytes)
Event: 15.330 Thread 0x0000000058b38000 nmethod 2245 0x0000000002dfb790 code [0x0000000002dfb900, 0x0000000002dfba88]
Event: 15.330 Thread 0x0000000058b38000 2244       3       com.sun.javafx.css.converters.InsetsConverter::getInstance (4 bytes)
Event: 15.330 Thread 0x0000000058b38000 nmethod 2244 0x0000000002dfb490 code [0x0000000002dfb5e0, 0x0000000002dfb710]
Event: 15.330 Thread 0x0000000058b38000 2248       1       javafx.scene.layout.Region::access$3700 (5 bytes)
Event: 15.330 Thread 0x0000000058b38000 nmethod 2248 0x0000000002dfb1d0 code [0x0000000002dfb320, 0x0000000002dfb410]
Event: 15.330 Thread 0x0000000058b38000 2249       1       javafx.scene.Node::access$5100 (5 bytes)
Event: 15.330 Thread 0x0000000058b38000 nmethod 2249 0x0000000002dfaf10 code [0x0000000002dfb060, 0x0000000002dfb150]
Event: 15.330 Thread 0x0000000058b33000 2243       4       com.sun.javafx.css.StyleMap::getCascadingStyles (404 bytes)

GC Heap History (2 events):
Event: 2.517 GC heap before
{Heap before GC invocations=1 (full 0):
 PSYoungGen      total 37888K, used 32768K [0x00000000d6100000, 0x00000000d8b00000, 0x0000000100000000)
  eden space 32768K, 100% used [0x00000000d6100000,0x00000000d8100000,0x00000000d8100000)
  from space 5120K, 0% used [0x00000000d8600000,0x00000000d8600000,0x00000000d8b00000)
  to   space 5120K, 0% used [0x00000000d8100000,0x00000000d8100000,0x00000000d8600000)
 ParOldGen       total 86016K, used 0K [0x0000000082200000, 0x0000000087600000, 0x00000000d6100000)
  object space 86016K, 0% used [0x0000000082200000,0x0000000082200000,0x0000000087600000)
 Metaspace       used 12263K, capacity 12682K, committed 12928K, reserved 1060864K
  class space    used 1700K, capacity 1846K, committed 1920K, reserved 1048576K
Event: 2.534 GC heap after
Heap after GC invocations=1 (full 0):
 PSYoungGen      total 37888K, used 4220K [0x00000000d6100000, 0x00000000d8b00000, 0x0000000100000000)
  eden space 32768K, 0% used [0x00000000d6100000,0x00000000d6100000,0x00000000d8100000)
  from space 5120K, 82% used [0x00000000d8100000,0x00000000d851f1d0,0x00000000d8600000)
  to   space 5120K, 0% used [0x00000000d8600000,0x00000000d8600000,0x00000000d8b00000)
 ParOldGen       total 86016K, used 80K [0x0000000082200000, 0x0000000087600000, 0x00000000d6100000)
  object space 86016K, 0% used [0x0000000082200000,0x0000000082214010,0x0000000087600000)
 Metaspace       used 12263K, capacity 12682K, committed 12928K, reserved 1060864K
  class space    used 1700K, capacity 1846K, committed 1920K, reserved 1048576K
}

Deoptimization events (10 events):
Event: 2.615 Thread 0x000000005a235800 Uncommon trap: reason=class_check action=maybe_recompile pc=0x0000000002922ba0 method=java.lang.String.equals(Ljava/lang/Object;)Z @ 8
Event: 2.615 Thread 0x000000005a235800 Uncommon trap: reason=class_check action=maybe_recompile pc=0x0000000002922ba0 method=java.lang.String.equals(Ljava/lang/Object;)Z @ 8
Event: 2.615 Thread 0x000000005a235800 Uncommon trap: reason=class_check action=maybe_recompile pc=0x0000000002922ba0 method=java.lang.String.equals(Ljava/lang/Object;)Z @ 8
Event: 2.617 Thread 0x000000005a235800 Uncommon trap: reason=class_check action=maybe_recompile pc=0x0000000002922ba0 method=java.lang.String.equals(Ljava/lang/Object;)Z @ 8
Event: 2.647 Thread 0x000000005a235800 Uncommon trap: reason=unstable_if action=reinterpret pc=0x0000000002aaff08 method=java.lang.String.regionMatches(ZILjava/lang/String;II)Z @ 123
Event: 2.683 Thread 0x000000005a235800 Uncommon trap: reason=unstable_if action=reinterpret pc=0x0000000002a31704 method=java.util.HashMap.hash(Ljava/lang/Object;)I @ 1
Event: 2.685 Thread 0x000000005a235800 Uncommon trap: reason=unstable_if action=reinterpret pc=0x0000000002ac9824 method=java.util.HashMap.hash(Ljava/lang/Object;)I @ 1
Event: 2.749 Thread 0x000000005a235800 Uncommon trap: reason=unstable_if action=reinterpret pc=0x0000000002a8dc40 method=sun.net.www.ParseUtil.encodePath(Ljava/lang/String;Z)Ljava/lang/String; @ 109
Event: 3.834 Thread 0x000000005a235800 Uncommon trap: reason=unstable_if action=reinterpret pc=0x0000000002abf928 method=jdk.internal.org.objectweb.asm.Type.getArgumentsAndReturnSizes(Ljava/lang/String;)I @ 47
Event: 13.701 Thread 0x000000005a235800 Uncommon trap: reason=unstable_if action=reinterpret pc=0x0000000002969900 method=java.lang.CharacterData.of(I)Ljava/lang/CharacterData; @ 4

Internal exceptions (10 events):
Event: 1.950 Thread 0x000000005a235800 Exception <a 'java/lang/NullPointerException'> (0x00000000d6f662f8) thrown at [C:\re\workspace\8-2-build-windows-amd64-cygwin\jdk8u51\3951\hotspot\src\share\vm\prims\jvm.cpp, line 1386]
Event: 1.982 Thread 0x000000005a235800 Exception <a 'java/lang/ArrayIndexOutOfBoundsException': 57> (0x00000000d70c05f0) thrown at [C:\re\workspace\8-2-build-windows-amd64-cygwin\jdk8u51\3951\hotspot\src\share\vm\interpreter\interpreterRuntime.cpp, line 366]
Event: 1.983 Thread 0x000000005a235800 Exception <a 'java/lang/ArrayIndexOutOfBoundsException': 18> (0x00000000d70c13b8) thrown at [C:\re\workspace\8-2-build-windows-amd64-cygwin\jdk8u51\3951\hotspot\src\share\vm\interpreter\interpreterRuntime.cpp, line 366]
Event: 1.983 Thread 0x000000005a235800 Exception <a 'java/lang/ArrayIndexOutOfBoundsException': 86> (0x00000000d70c26b0) thrown at [C:\re\workspace\8-2-build-windows-amd64-cygwin\jdk8u51\3951\hotspot\src\share\vm\interpreter\interpreterRuntime.cpp, line 366]
Event: 2.008 Thread 0x000000005a235800 Exception <a 'java/lang/ArrayIndexOutOfBoundsException'> (0x00000000d72e43d0) thrown at [C:\re\workspace\8-2-build-windows-amd64-cygwin\jdk8u51\3951\hotspot\src\share\vm\runtime\sharedRuntime.cpp, line 605]
Event: 2.018 Thread 0x000000005a235800 Exception <a 'java/lang/ArrayIndexOutOfBoundsException'> (0x00000000d7394538) thrown at [C:\re\workspace\8-2-build-windows-amd64-cygwin\jdk8u51\3951\hotspot\src\share\vm\runtime\sharedRuntime.cpp, line 605]
Event: 2.132 Thread 0x000000005a235800 Exception <a 'java/lang/ArrayIndexOutOfBoundsException'> (0x00000000d7720ec8) thrown at [C:\re\workspace\8-2-build-windows-amd64-cygwin\jdk8u51\3951\hotspot\src\share\vm\runtime\sharedRuntime.cpp, line 605]
Event: 2.305 Thread 0x000000005a235800 Exception <a 'java/lang/ArrayIndexOutOfBoundsException'> (0x00000000d7d82dc8) thrown at [C:\re\workspace\8-2-build-windows-amd64-cygwin\jdk8u51\3951\hotspot\src\share\vm\runtime\sharedRuntime.cpp, line 605]
Event: 2.683 Thread 0x000000005a235800 Implicit null exception at 0x0000000002a314e5 to 0x0000000002a316f5
Event: 2.685 Thread 0x000000005a235800 Implicit null exception at 0x0000000002ac97af to 0x0000000002ac9815

Events (10 events):
Event: 9.655 loading class java/text/BreakIterator$BreakIteratorCache done
Event: 9.655 loading class java/text/StringCharacterIterator
Event: 9.656 loading class java/text/StringCharacterIterator done
Event: 13.701 Thread 0x000000005a235800 Uncommon trap: trap_request=0xffffff65 fr.pc=0x0000000002969900
Event: 13.701 Thread 0x000000005a235800 DEOPT PACKING pc=0x0000000002969900 sp=0x000000005ae2b950
Event: 13.701 Thread 0x000000005a235800 DEOPT UNPACKING pc=0x00000000027b582a sp=0x000000005ae2b8f8 mode 2
Event: 13.701 loading class java/lang/CharacterData00
Event: 13.701 loading class java/lang/CharacterData00 done
Event: 13.701 Executing VM operation: Deoptimize
Event: 13.702 Executing VM operation: Deoptimize done


Dynamic libraries:
0x000000013f240000 - 0x000000013f277000 	C:\Program Files\Java\jdk1.8.0_51\bin\java.exe
0x00000000770d0000 - 0x0000000077279000 	C:\Windows\SYSTEM32\ntdll.dll
0x0000000076fb0000 - 0x00000000770cf000 	C:\Windows\system32\kernel32.dll
0x000007fefd1d0000 - 0x000007fefd23b000 	C:\Windows\system32\KERNELBASE.dll
0x000007fefd820000 - 0x000007fefd8fb000 	C:\Windows\system32\ADVAPI32.dll
0x000007fefd900000 - 0x000007fefd99f000 	C:\Windows\system32\msvcrt.dll
0x000007feff2d0000 - 0x000007feff2ef000 	C:\Windows\SYSTEM32\sechost.dll
0x000007fefd6f0000 - 0x000007fefd81d000 	C:\Windows\system32\RPCRT4.dll
0x0000000076eb0000 - 0x0000000076faa000 	C:\Windows\system32\USER32.dll
0x000007feff100000 - 0x000007feff167000 	C:\Windows\system32\GDI32.dll
0x000007feff070000 - 0x000007feff07e000 	C:\Windows\system32\LPK.dll
0x000007fefd9a0000 - 0x000007fefda69000 	C:\Windows\system32\USP10.dll
0x000007fefba60000 - 0x000007fefbc54000 	C:\Windows\WinSxS\amd64_microsoft.windows.common-controls_6595b64144ccf1df_6.0.7601.17514_none_fa396087175ac9ac\COMCTL32.dll
0x000007fefd5d0000 - 0x000007fefd641000 	C:\Windows\system32\SHLWAPI.dll
0x000007feff2a0000 - 0x000007feff2ce000 	C:\Windows\system32\IMM32.DLL
0x000007fefde00000 - 0x000007fefdf09000 	C:\Windows\system32\MSCTF.dll
0x0000000059030000 - 0x0000000059102000 	C:\Program Files\Java\jdk1.8.0_51\jre\bin\msvcr100.dll
0x0000000077770000 - 0x0000000077ff3000 	C:\Program Files\Java\jdk1.8.0_51\jre\bin\server\jvm.dll
0x000007fefb1f0000 - 0x000007fefb1f9000 	C:\Windows\system32\WSOCK32.dll
0x000007feff390000 - 0x000007feff3dd000 	C:\Windows\system32\WS2_32.dll
0x000007fefeda0000 - 0x000007fefeda8000 	C:\Windows\system32\NSI.dll
0x000007fefae90000 - 0x000007fefaecb000 	C:\Windows\system32\WINMM.dll
0x000007fefc150000 - 0x000007fefc15c000 	C:\Windows\system32\VERSION.dll
0x00000000772a0000 - 0x00000000772a7000 	C:\Windows\system32\PSAPI.DLL
0x0000000060a70000 - 0x0000000060a7f000 	C:\Program Files\Java\jdk1.8.0_51\jre\bin\verify.dll
0x000000005f540000 - 0x000000005f569000 	C:\Program Files\Java\jdk1.8.0_51\jre\bin\java.dll
0x000000005f520000 - 0x000000005f536000 	C:\Program Files\Java\jdk1.8.0_51\jre\bin\zip.dll
0x000007fefdff0000 - 0x000007fefed78000 	C:\Windows\system32\SHELL32.dll
0x000007fefdbf0000 - 0x000007fefddf3000 	C:\Windows\system32\ole32.dll
0x000007fefd020000 - 0x000007fefd02f000 	C:\Windows\system32\profapi.dll
0x000000005c5f0000 - 0x000000005c61c000 	C:\Program Files\Java\jdk1.8.0_51\jre\bin\prism_d3d.dll
0x000007fed7970000 - 0x000007fed7b6f000 	C:\Windows\system32\d3d9.dll
0x000007fee87e0000 - 0x000007fee87e7000 	C:\Windows\system32\d3d8thk.dll
0x000007fefb3c0000 - 0x000007fefb3d8000 	C:\Windows\system32\dwmapi.dll
0x000007fefba00000 - 0x000007fefba56000 	C:\Windows\system32\uxtheme.dll
0x000007feea4d0000 - 0x000007feea5ee000 	C:\Windows\system32\aticfx64.dll
0x000007fee16f0000 - 0x000007fee170f000 	C:\Windows\system32\atiu9p64.dll
0x000007fed72d0000 - 0x000007fed7968000 	C:\Windows\system32\atiumd64.dll
0x000000005de60000 - 0x000000005e34a000 	C:\Windows\system32\atiumd6a.dll
0x000000005c2a0000 - 0x000000005c2e1000 	C:\Program Files\Java\jdk1.8.0_51\jre\bin\glass.dll
0x000007feff2f0000 - 0x000007feff387000 	C:\Windows\system32\COMDLG32.dll
0x000007fefdf10000 - 0x000007fefdfe7000 	C:\Windows\system32\OLEAUT32.dll
0x000007fefcf50000 - 0x000007fefcf5f000 	C:\Windows\system32\CRYPTBASE.dll
0x000000005f350000 - 0x000000005f365000 	C:\Program Files\Java\jdk1.8.0_51\jre\bin\javafx_font.dll
0x000007fee1bf0000 - 0x000007fee1d6e000 	C:\Windows\system32\dwrite.dll
0x000000005c520000 - 0x000000005c545000 	C:\Program Files\Java\jdk1.8.0_51\jre\bin\javafx_iio.dll
0x000007fefd650000 - 0x000007fefd6e9000 	C:\Windows\system32\CLBCatQ.DLL
0x000007fefb250000 - 0x000007fefb37a000 	C:\Windows\system32\WindowsCodecs.dll
0x000007fefcef0000 - 0x000007fefcf47000 	C:\Windows\system32\apphelp.dll
0x000007fef2f80000 - 0x000007fef2fbb000 	D:\Users\sprakash\AppData\Roaming\Dropbox\bin\DropboxExt64.27.dll
0x000007fee9b20000 - 0x000007fee9d5d000 	C:\PROGRA~1\MICROS~1\Office15\GROOVEEX.DLL
0x0000000070c30000 - 0x0000000070cc8000 	C:\Windows\system32\MSVCP100.dll
0x000000006fd60000 - 0x000000006fd8b000 	C:\Windows\system32\ATL100.DLL
0x000007fee9800000 - 0x000007fee9b16000 	C:\Windows\system32\msi.dll
0x000007fee8a80000 - 0x000007fee92f8000 	C:\PROGRA~1\MICROS~1\Office15\1033\GrooveIntlResource.dll
0x000007feec020000 - 0x000007feec04d000 	C:\Program Files\Common Files\Microsoft Shared\Ink\rtscom.dll
0x000000005c280000 - 0x000000005c291000 	C:\Program Files\Java\jdk1.8.0_51\jre\bin\prism_common.dll

VM Arguments:
jvm_args: -Dfile.encoding=UTF-8 
java_command: D:\Users\sprakash\Documents\NetBeansProjects\CS415\dist\run1089276059\CS415.jar
java_class_path (initial): D:\Users\sprakash\Documents\NetBeansProjects\CS415\dist\run1089276059\CS415.jar
Launcher Type: SUN_STANDARD

Environment Variables:
PATH=C:\ProgramData\Oracle\Java\javapath;C:\Program Files (x86)\Common Files\Quest Shared\instantclient-basic-nt-12.1.0.2.0;C:\Program Files (x86)\AMD APP\bin\x86_64;C:\Program Files (x86)\AMD APP\bin\x86;C:\Windows\system32;C:\Windows;C:\Windows\System32\Wbem;C:\Windows\System32\WindowsPowerShell\v1.0\;C:\Program Files\Intel\DMIX;C:\Program Files (x86)\Skype\Phone\;C:\Program Files (x86)\Microsoft SQL Server\100\Tools\Binn\;C:\Program Files\Microsoft SQL Server\100\Tools\Binn\;C:\Program Files\Microsoft SQL Server\100\DTS\Binn\;C:\Program Files (x86)\Microsoft SQL Server\100\Tools\Binn\VSShell\Common7\IDE\;C:\Program Files (x86)\Microsoft Visual Studio 9.0\Common7\IDE\PrivateAssemblies\;C:\Program Files (x86)\Microsoft SQL Server\100\DTS\Binn\;C:\Program Files\Microsoft\Web Platform Installer\;C:\Program Files (x86)\Microsoft ASP.NET\ASP.NET Web Pages\v1.0\;C:\Program Files (x86)\Windows Kits\8.0\Windows Performance Toolkit\;C:\Program Files\Microsoft SQL Server\110\Tools\Binn\;C:\Program Files (x86)\Shoreline Communications\ShoreWare Client\;C:\Program Files (x86)\Shoreline Communications\ShoreWare Client\win64;C:\Program Files (x86)\ATI Technologies\ATI.ACE\Core-Static
USERNAME=sprakash
OS=Windows_NT
PROCESSOR_IDENTIFIER=Intel64 Family 6 Model 37 Stepping 5, GenuineIntel



---------------  S Y S T E M  ---------------

OS: Windows 7 , 64 bit Build 7601 (6.1.7601.17514)

CPU:total 4 (2 cores per cpu, 2 threads per core) family 6 model 37 stepping 5, cmov, cx8, fxsr, mmx, sse, sse2, sse3, ssse3, sse4.1, sse4.2, popcnt, aes, clmul, ht, tsc, tscinvbit

Memory: 4k page, physical 8248616k(1564424k free), swap 8758772k(5184k free)

vm_info: Java HotSpot(TM) 64-Bit Server VM (25.51-b03) for windows-amd64 JRE (1.8.0_51-b16), built on Jun  8 2015 18:03:07 by "java_re" with MS VC++ 10.0 (VS2010)

time: Wed Aug 19 13:25:34 2015
elapsed time: 15 seconds (0d 0h 0m 15s)

