#
# There is insufficient memory for the Java Runtime Environment to continue.
# Native memory allocation (malloc) failed to allocate 1048576 bytes for AllocateHeap
# Possible reasons:
#   The system is out of physical RAM or swap space
#   In 32 bit mode, the process size limit was hit
# Possible solutions:
#   Reduce memory load on the system
#   Increase physical memory or swap space
#   Check if swap backing store is full
#   Use 64 bit Java on a 64 bit OS
#   Decrease Java heap size (-Xmx/-Xms)
#   Decrease number of Java threads
#   Decrease Java thread stack sizes (-Xss)
#   Set larger code cache with -XX:ReservedCodeCacheSize=
# This output file may be truncated or incomplete.
#
#  Out of Memory Error (memory/allocation.inline.hpp:61), pid=13672, tid=26852
#
# JRE version:  (8.0_51-b16) (build )
# Java VM: Java HotSpot(TM) 64-Bit Server VM (25.51-b03 mixed mode windows-amd64 compressed oops)
# Failed to write core dump. Minidumps are not enabled by default on client versions of Windows
#

---------------  T H R E A D  ---------------

Current thread (0x000000000213f800):  JavaThread "Unknown thread" [_thread_in_vm, id=26852, stack(0x0000000002510000,0x0000000002610000)]

Stack: [0x0000000002510000,0x0000000002610000]
Native frames: (J=compiled Java code, j=interpreted, Vv=VM code, C=native code)
V  [jvm.dll+0x32b4ca]


---------------  P R O C E S S  ---------------

Java Threads: ( => current thread )

Other Threads:

=>0x000000000213f800 (exited) JavaThread "Unknown thread" [_thread_in_vm, id=26852, stack(0x0000000002510000,0x0000000002610000)]

VM state:not at safepoint (normal execution)

VM Mutex/Monitor currently owned by a thread: None

Heap:
 PSYoungGen      total 37888K, used 655K [0x00000000d6100000, 0x00000000d8b00000, 0x0000000100000000)
  eden space 32768K, 2% used [0x00000000d6100000,0x00000000d61a3d80,0x00000000d8100000)
  from space 5120K, 0% used [0x00000000d8600000,0x00000000d8600000,0x00000000d8b00000)
  to   space 5120K, 0% used [0x00000000d8100000,0x00000000d8100000,0x00000000d8600000)
 ParOldGen       total 86016K, used 0K [0x0000000082200000, 0x0000000087600000, 0x00000000d6100000)
  object space 86016K, 0% used [0x0000000082200000,0x0000000082200000,0x0000000087600000)
 Metaspace       used 766K, capacity 4480K, committed 4480K, reserved 1056768K
  class space    used 75K, capacity 384K, committed 384K, reserved 1048576K

Card table byte_map: [0x0000000011ca0000,0x0000000012090000] byte_map_base: 0x000000001188f000

Marking Bits: (ParMarkBitMap*) 0x0000000070a64040
 Begin Bits: [0x00000000127c0000, 0x0000000014738000)
 End Bits:   [0x0000000014738000, 0x00000000166b0000)

Polling page: 0x0000000001b60000

CodeCache: size=245760Kb used=327Kb max_used=327Kb free=245432Kb
 bounds [0x00000000028e0000, 0x0000000002b50000, 0x00000000118e0000]
 total_blobs=56 nmethods=0 adapters=37
 compilation: enabled

Compilation events (0 events):
No events

GC Heap History (0 events):
No events

Deoptimization events (0 events):
No events

Internal exceptions (0 events):
No events

Events (10 events):
Event: 0.128 loading class java/lang/Short
Event: 0.128 loading class java/lang/Short done
Event: 0.128 loading class java/lang/Integer
Event: 0.128 loading class java/lang/Integer done
Event: 0.128 loading class java/lang/Long
Event: 0.128 loading class java/lang/Long done
Event: 0.129 loading class java/lang/NullPointerException
Event: 0.129 loading class java/lang/NullPointerException done
Event: 0.129 loading class java/lang/ArithmeticException
Event: 0.129 loading class java/lang/ArithmeticException done


Dynamic libraries:
0x000000013ff50000 - 0x000000013ff87000 	C:\Program Files\Java\jdk1.8.0_51\bin\java.exe
0x00000000770d0000 - 0x0000000077279000 	C:\Windows\SYSTEM32\ntdll.dll
0x0000000076fb0000 - 0x00000000770cf000 	C:\Windows\system32\kernel32.dll
0x000007fefd1d0000 - 0x000007fefd23b000 	C:\Windows\system32\KERNELBASE.dll
0x000007fefd820000 - 0x000007fefd8fb000 	C:\Windows\system32\ADVAPI32.dll
0x000007fefd900000 - 0x000007fefd99f000 	C:\Windows\system32\msvcrt.dll
0x000007feff2d0000 - 0x000007feff2ef000 	C:\Windows\SYSTEM32\sechost.dll
0x000007fefd6f0000 - 0x000007fefd81d000 	C:\Windows\system32\RPCRT4.dll
0x0000000076eb0000 - 0x0000000076faa000 	C:\Windows\system32\USER32.dll
0x000007feff100000 - 0x000007feff167000 	C:\Windows\system32\GDI32.dll
0x000007feff070000 - 0x000007feff07e000 	C:\Windows\system32\LPK.dll
0x000007fefd9a0000 - 0x000007fefda69000 	C:\Windows\system32\USP10.dll
0x000007fefba60000 - 0x000007fefbc54000 	C:\Windows\WinSxS\amd64_microsoft.windows.common-controls_6595b64144ccf1df_6.0.7601.17514_none_fa396087175ac9ac\COMCTL32.dll
0x000007fefd5d0000 - 0x000007fefd641000 	C:\Windows\system32\SHLWAPI.dll
0x000007feff2a0000 - 0x000007feff2ce000 	C:\Windows\system32\IMM32.DLL
0x000007fefde00000 - 0x000007fefdf09000 	C:\Windows\system32\MSCTF.dll
0x000000005c350000 - 0x000000005c422000 	C:\Program Files\Java\jdk1.8.0_51\jre\bin\msvcr100.dll
0x0000000070260000 - 0x0000000070ae3000 	C:\Program Files\Java\jdk1.8.0_51\jre\bin\server\jvm.dll
0x000007fefb1f0000 - 0x000007fefb1f9000 	C:\Windows\system32\WSOCK32.dll
0x000007feff390000 - 0x000007feff3dd000 	C:\Windows\system32\WS2_32.dll
0x000007fefeda0000 - 0x000007fefeda8000 	C:\Windows\system32\NSI.dll
0x000007fefae90000 - 0x000007fefaecb000 	C:\Windows\system32\WINMM.dll
0x000007fefc150000 - 0x000007fefc15c000 	C:\Windows\system32\VERSION.dll
0x00000000772a0000 - 0x00000000772a7000 	C:\Windows\system32\PSAPI.DLL
0x0000000060ed0000 - 0x0000000060edf000 	C:\Program Files\Java\jdk1.8.0_51\jre\bin\verify.dll
0x0000000060b00000 - 0x0000000060b29000 	C:\Program Files\Java\jdk1.8.0_51\jre\bin\java.dll
0x000000005f9b0000 - 0x000000005f9c6000 	C:\Program Files\Java\jdk1.8.0_51\jre\bin\zip.dll

VM Arguments:
jvm_args: -Dfile.encoding=UTF-8 
java_command: D:\Users\sprakash\Documents\NetBeansProjects\CS415\CS415\dist\run1824836920\CS415.jar
java_class_path (initial): D:\Users\sprakash\Documents\NetBeansProjects\CS415\CS415\dist\run1824836920\CS415.jar
Launcher Type: SUN_STANDARD

Environment Variables:
PATH=C:\ProgramData\Oracle\Java\javapath;C:\Program Files (x86)\Common Files\Quest Shared\instantclient-basic-nt-12.1.0.2.0;C:\Program Files (x86)\AMD APP\bin\x86_64;C:\Program Files (x86)\AMD APP\bin\x86;C:\Windows\system32;C:\Windows;C:\Windows\System32\Wbem;C:\Windows\System32\WindowsPowerShell\v1.0\;C:\Program Files\Intel\DMIX;C:\Program Files (x86)\Skype\Phone\;C:\Program Files (x86)\Microsoft SQL Server\100\Tools\Binn\;C:\Program Files\Microsoft SQL Server\100\Tools\Binn\;C:\Program Files\Microsoft SQL Server\100\DTS\Binn\;C:\Program Files (x86)\Microsoft SQL Server\100\Tools\Binn\VSShell\Common7\IDE\;C:\Program Files (x86)\Microsoft Visual Studio 9.0\Common7\IDE\PrivateAssemblies\;C:\Program Files (x86)\Microsoft SQL Server\100\DTS\Binn\;C:\Program Files\Microsoft\Web Platform Installer\;C:\Program Files (x86)\Microsoft ASP.NET\ASP.NET Web Pages\v1.0\;C:\Program Files (x86)\Windows Kits\8.0\Windows Performance Toolkit\;C:\Program Files\Microsoft SQL Server\110\Tools\Binn\;C:\Program Files (x86)\Shoreline Communications\ShoreWare Client\;C:\Program Files (x86)\Shoreline Communications\ShoreWare Client\win64;C:\Program Files (x86)\ATI Technologies\ATI.ACE\Core-Static
USERNAME=sprakash
OS=Windows_NT
PROCESSOR_IDENTIFIER=Intel64 Family 6 Model 37 Stepping 5, GenuineIntel



---------------  S Y S T E M  ---------------

OS: Windows 7 , 64 bit Build 7601 (6.1.7601.17514)

CPU:total 4 (2 cores per cpu, 2 threads per core) family 6 model 37 stepping 5, cmov, cx8, fxsr, mmx, sse, sse2, sse3, ssse3, sse4.1, sse4.2, popcnt, aes, clmul, ht, tsc, tscinvbit

Memory: 4k page, physical 8248616k(1779836k free), swap 8758772k(5120k free)

vm_info: Java HotSpot(TM) 64-Bit Server VM (25.51-b03) for windows-amd64 JRE (1.8.0_51-b16), built on Jun  8 2015 18:03:07 by "java_re" with MS VC++ 10.0 (VS2010)

time: Mon Aug 17 16:03:13 2015
elapsed time: 0 seconds (0d 0h 0m 0s)

