#
# There is insufficient memory for the Java Runtime Environment to continue.
# Native memory allocation (malloc) failed to allocate 32744 bytes for ChunkPool::allocate
# Possible reasons:
#   The system is out of physical RAM or swap space
#   In 32 bit mode, the process size limit was hit
# Possible solutions:
#   Reduce memory load on the system
#   Increase physical memory or swap space
#   Check if swap backing store is full
#   Use 64 bit Java on a 64 bit OS
#   Decrease Java heap size (-Xmx/-Xms)
#   Decrease number of Java threads
#   Decrease Java thread stack sizes (-Xss)
#   Set larger code cache with -XX:ReservedCodeCacheSize=
# This output file may be truncated or incomplete.
#
#  Out of Memory Error (allocation.cpp:273), pid=3608, tid=4248
#
# JRE version: Java(TM) SE Runtime Environment (8.0_51-b16) (build 1.8.0_51-b16)
# Java VM: Java HotSpot(TM) 64-Bit Server VM (25.51-b03 mixed mode windows-amd64 compressed oops)
# Failed to write core dump. Minidumps are not enabled by default on client versions of Windows
#

---------------  T H R E A D  ---------------

Current thread (0x0000000058833000):  JavaThread "C2 CompilerThread0" daemon [_thread_in_native, id=4248, stack(0x00000000591c0000,0x00000000592c0000)]

Stack: [0x00000000591c0000,0x00000000592c0000]
[error occurred during error reporting (printing stack bounds), id 0xc0000005]

Native frames: (J=compiled Java code, j=interpreted, Vv=VM code, C=native code)
V  [jvm.dll+0x32b4ca]


Current CompileTask:
C2:  38276 3456   !   4       javafx.scene.CssStyleHelper::transitionToState (1075 bytes)


---------------  P R O C E S S  ---------------

Java Threads: ( => current thread )
  0x000000005a05f000 JavaThread "Abandoned connection cleanup thread" daemon [_thread_blocked, id=36980, stack(0x000000005f3c0000,0x000000005f4c0000)]
  0x0000000059c43000 JavaThread "Prism Font Disposer" daemon [_thread_blocked, id=11892, stack(0x000000005d2e0000,0x000000005d3e0000)]
  0x00000000598cb000 JavaThread "Thread-3" daemon [_thread_in_native, id=2324, stack(0x000000005c900000,0x000000005ca00000)]
  0x00000000598c4800 JavaThread "JavaFX-Launcher" [_thread_blocked, id=29436, stack(0x000000005cae0000,0x000000005cbe0000)]
  0x0000000059892000 JavaThread "JavaFX Application Thread" [_thread_in_native, id=21756, stack(0x000000005a930000,0x000000005aa30000)]
  0x0000000059891800 JavaThread "Thread-1" daemon [_thread_blocked, id=28456, stack(0x000000005a6b0000,0x000000005a7b0000)]
  0x0000000058c07000 JavaThread "QuantumRenderer-0" daemon [_thread_blocked, id=37816, stack(0x000000005a0c0000,0x000000005a1c0000)]
  0x000000005883a800 JavaThread "Service Thread" daemon [_thread_blocked, id=23060, stack(0x0000000059530000,0x0000000059630000)]
  0x0000000058838000 JavaThread "C1 CompilerThread2" daemon [_thread_in_vm, id=15848, stack(0x00000000592e0000,0x00000000593e0000)]
  0x0000000058836800 JavaThread "C2 CompilerThread1" daemon [_thread_blocked, id=31212, stack(0x0000000058d90000,0x0000000058e90000)]
=>0x0000000058833000 JavaThread "C2 CompilerThread0" daemon [_thread_in_native, id=4248, stack(0x00000000591c0000,0x00000000592c0000)]
  0x0000000057670800 JavaThread "Attach Listener" daemon [_thread_blocked, id=7224, stack(0x0000000058f00000,0x0000000059000000)]
  0x000000005766f800 JavaThread "Signal Dispatcher" daemon [_thread_blocked, id=34028, stack(0x0000000058c40000,0x0000000058d40000)]
  0x0000000057618000 JavaThread "Finalizer" daemon [_thread_blocked, id=12828, stack(0x0000000058490000,0x0000000058590000)]
  0x0000000057611000 JavaThread "Reference Handler" daemon [_thread_blocked, id=31232, stack(0x0000000058730000,0x0000000058830000)]
  0x00000000022ef800 JavaThread "main" [_thread_blocked, id=17376, stack(0x0000000002390000,0x0000000002490000)]

Other Threads:
  0x000000005760b800 VMThread [stack: 0x00000000585c0000,0x00000000586c0000] [id=15700]
  0x000000005886c800 WatcherThread [stack: 0x0000000059790000,0x0000000059890000] [id=596]

VM state:not at safepoint (normal execution)

VM Mutex/Monitor currently owned by a thread: None

Heap:
 PSYoungGen      total 37888K, used 25889K [0x00000000d6100000, 0x00000000d8b00000, 0x0000000100000000)
  eden space 32768K, 79% used [0x00000000d6100000,0x00000000d7a48738,0x00000000d8100000)
  from space 5120K, 0% used [0x00000000d8600000,0x00000000d8600000,0x00000000d8b00000)
  to   space 5120K, 0% used [0x00000000d8100000,0x00000000d8100000,0x00000000d8600000)
 ParOldGen       total 47616K, used 9262K [0x0000000082200000, 0x0000000085080000, 0x00000000d6100000)
  object space 47616K, 19% used [0x0000000082200000,0x0000000082b0b890,0x0000000085080000)
 Metaspace       used 22198K, capacity 23584K, committed 23680K, reserved 1069056K
  class space    used 3104K, capacity 3365K, committed 3456K, reserved 1048576K

Card table byte_map: [0x0000000011b20000,0x0000000011f10000] byte_map_base: 0x000000001170f000

Marking Bits: (ParMarkBitMap*) 0x0000000077f74040
 Begin Bits: [0x00000000129a0000, 0x0000000014918000)
 End Bits:   [0x0000000014918000, 0x0000000016890000)

Polling page: 0x0000000000330000

CodeCache: size=245760Kb used=10838Kb max_used=10855Kb free=234922Kb
 bounds [0x0000000002760000, 0x0000000003210000, 0x0000000011760000]
 total_blobs=4186 nmethods=3449 adapters=648
 compilation: enabled

Compilation events (10 events):
Event: 37.846 Thread 0x0000000058838000 nmethod 3475 0x00000000031e3350 code [0x00000000031e34c0, 0x00000000031e3890]
Event: 37.846 Thread 0x0000000058838000 3474       3       com.sun.javafx.sg.prism.NGRegion::getPlatformPaint (13 bytes)
Event: 37.846 Thread 0x0000000058838000 nmethod 3474 0x00000000031f2cd0 code [0x00000000031f2e60, 0x00000000031f3248]
Event: 37.846 Thread 0x0000000058838000 3472       3       com.sun.javafx.sg.prism.NGText::getStrike (292 bytes)
Event: 37.848 Thread 0x0000000058838000 nmethod 3472 0x00000000031f33d0 code [0x00000000031f3700, 0x00000000031f4fd8]
Event: 37.876 Thread 0x0000000058836800 nmethod 3457 0x00000000031fa810 code [0x00000000031faba0, 0x00000000031fca80]
Event: 37.876 Thread 0x0000000058836800 3470       4       com.sun.prism.impl.VertexBuffer::addVertNoCheck (102 bytes)
Event: 37.877 Thread 0x0000000058836800 nmethod 3470 0x00000000031f7510 code [0x00000000031f7660, 0x00000000031f7838]
Event: 38.064 Thread 0x0000000058836800 3476       4       java.util.EnumMap$EnumMapIterator::hasNext (64 bytes)
Event: 38.066 Thread 0x0000000058836800 nmethod 3476 0x00000000031e2fd0 code [0x00000000031e3120, 0x00000000031e31f8]

GC Heap History (6 events):
Event: 5.218 GC heap before
{Heap before GC invocations=1 (full 0):
 PSYoungGen      total 37888K, used 32768K [0x00000000d6100000, 0x00000000d8b00000, 0x0000000100000000)
  eden space 32768K, 100% used [0x00000000d6100000,0x00000000d8100000,0x00000000d8100000)
  from space 5120K, 0% used [0x00000000d8600000,0x00000000d8600000,0x00000000d8b00000)
  to   space 5120K, 0% used [0x00000000d8100000,0x00000000d8100000,0x00000000d8600000)
 ParOldGen       total 86016K, used 0K [0x0000000082200000, 0x0000000087600000, 0x00000000d6100000)
  object space 86016K, 0% used [0x0000000082200000,0x0000000082200000,0x0000000087600000)
 Metaspace       used 12262K, capacity 12654K, committed 12928K, reserved 1060864K
  class space    used 1696K, capacity 1814K, committed 1920K, reserved 1048576K
Event: 5.257 GC heap after
Heap after GC invocations=1 (full 0):
 PSYoungGen      total 37888K, used 4236K [0x00000000d6100000, 0x00000000d8b00000, 0x0000000100000000)
  eden space 32768K, 0% used [0x00000000d6100000,0x00000000d6100000,0x00000000d8100000)
  from space 5120K, 82% used [0x00000000d8100000,0x00000000d85231c0,0x00000000d8600000)
  to   space 5120K, 0% used [0x00000000d8600000,0x00000000d8600000,0x00000000d8b00000)
 ParOldGen       total 86016K, used 80K [0x0000000082200000, 0x0000000087600000, 0x00000000d6100000)
  object space 86016K, 0% used [0x0000000082200000,0x0000000082214010,0x0000000087600000)
 Metaspace       used 12262K, capacity 12654K, committed 12928K, reserved 1060864K
  class space    used 1696K, capacity 1814K, committed 1920K, reserved 1048576K
}
Event: 19.747 GC heap before
{Heap before GC invocations=2 (full 0):
 PSYoungGen      total 37888K, used 29042K [0x00000000d6100000, 0x00000000d8b00000, 0x0000000100000000)
  eden space 32768K, 75% used [0x00000000d6100000,0x00000000d79399f0,0x00000000d8100000)
  from space 5120K, 82% used [0x00000000d8100000,0x00000000d85231c0,0x00000000d8600000)
  to   space 5120K, 0% used [0x00000000d8600000,0x00000000d8600000,0x00000000d8b00000)
 ParOldGen       total 86016K, used 80K [0x0000000082200000, 0x0000000087600000, 0x00000000d6100000)
  object space 86016K, 0% used [0x0000000082200000,0x0000000082214010,0x0000000087600000)
 Metaspace       used 20225K, capacity 21178K, committed 21248K, reserved 1067008K
  class space    used 2812K, capacity 3010K, committed 3072K, reserved 1048576K
Event: 19.771 GC heap after
Heap after GC invocations=2 (full 0):
 PSYoungGen      total 37888K, used 5119K [0x00000000d6100000, 0x00000000d8b00000, 0x0000000100000000)
  eden space 32768K, 0% used [0x00000000d6100000,0x00000000d6100000,0x00000000d8100000)
  from space 5120K, 99% used [0x00000000d8600000,0x00000000d8afffe8,0x00000000d8b00000)
  to   space 5120K, 0% used [0x00000000d8100000,0x00000000d8100000,0x00000000d8600000)
 ParOldGen       total 86016K, used 4219K [0x0000000082200000, 0x0000000087600000, 0x00000000d6100000)
  object space 86016K, 4% used [0x0000000082200000,0x000000008261ecb0,0x0000000087600000)
 Metaspace       used 20225K, capacity 21178K, committed 21248K, reserved 1067008K
  class space    used 2812K, capacity 3010K, committed 3072K, reserved 1048576K
}
Event: 19.771 GC heap before
{Heap before GC invocations=3 (full 1):
 PSYoungGen      total 37888K, used 5119K [0x00000000d6100000, 0x00000000d8b00000, 0x0000000100000000)
  eden space 32768K, 0% used [0x00000000d6100000,0x00000000d6100000,0x00000000d8100000)
  from space 5120K, 99% used [0x00000000d8600000,0x00000000d8afffe8,0x00000000d8b00000)
  to   space 5120K, 0% used [0x00000000d8100000,0x00000000d8100000,0x00000000d8600000)
 ParOldGen       total 86016K, used 4219K [0x0000000082200000, 0x0000000087600000, 0x00000000d6100000)
  object space 86016K, 4% used [0x0000000082200000,0x000000008261ecb0,0x0000000087600000)
 Metaspace       used 20225K, capacity 21178K, committed 21248K, reserved 1067008K
  class space    used 2812K, capacity 3010K, committed 3072K, reserved 1048576K
Event: 19.830 GC heap after
Heap after GC invocations=3 (full 1):
 PSYoungGen      total 37888K, used 0K [0x00000000d6100000, 0x00000000d8b00000, 0x0000000100000000)
  eden space 32768K, 0% used [0x00000000d6100000,0x00000000d6100000,0x00000000d8100000)
  from space 5120K, 0% used [0x00000000d8600000,0x00000000d8600000,0x00000000d8b00000)
  to   space 5120K, 0% used [0x00000000d8100000,0x00000000d8100000,0x00000000d8600000)
 ParOldGen       total 47616K, used 9262K [0x0000000082200000, 0x0000000085080000, 0x00000000d6100000)
  object space 47616K, 19% used [0x0000000082200000,0x0000000082b0b890,0x0000000085080000)
 Metaspace       used 20225K, capacity 21178K, committed 21248K, reserved 1067008K
  class space    used 2812K, capacity 3010K, committed 3072K, reserved 1048576K
}

Deoptimization events (10 events):
Event: 21.959 Thread 0x0000000059892000 Uncommon trap: reason=class_check action=maybe_recompile pc=0x0000000003081fac method=com.sun.javafx.css.CompoundSelector.stateMatches(Ljavafx/css/Styleable;Ljava/util/Set;I)Z @ 181
Event: 36.082 Thread 0x0000000059892000 Uncommon trap: reason=bimorphic action=maybe_recompile pc=0x00000000030725f0 method=javafx.beans.property.BooleanPropertyBase.get()Z @ 23
Event: 36.083 Thread 0x0000000059892000 Uncommon trap: reason=bimorphic action=maybe_recompile pc=0x00000000030725f0 method=javafx.beans.property.BooleanPropertyBase.get()Z @ 23
Event: 36.083 Thread 0x0000000059892000 Uncommon trap: reason=bimorphic action=maybe_recompile pc=0x00000000030725f0 method=javafx.beans.property.BooleanPropertyBase.get()Z @ 23
Event: 36.120 Thread 0x0000000059892000 Uncommon trap: reason=bimorphic action=maybe_recompile pc=0x00000000030f62c4 method=com.sun.javafx.css.CompoundSelector.stateMatches(Ljavafx/css/Styleable;Ljava/util/Set;I)Z @ 160
Event: 36.122 Thread 0x0000000059892000 Uncommon trap: reason=bimorphic action=maybe_recompile pc=0x0000000003113a04 method=javafx.beans.property.BooleanPropertyBase.get()Z @ 23
Event: 36.185 Thread 0x0000000059892000 Uncommon trap: reason=class_check action=maybe_recompile pc=0x0000000002dc0788 method=javafx.scene.Node.updateLocalToParentTransform()V @ 11
Event: 37.104 Thread 0x0000000059892000 Uncommon trap: reason=bimorphic action=maybe_recompile pc=0x0000000003101b64 method=javafx.beans.property.BooleanPropertyBase.get()Z @ 23
Event: 37.105 Thread 0x0000000059892000 Uncommon trap: reason=bimorphic action=maybe_recompile pc=0x00000000030dea40 method=javafx.beans.property.BooleanPropertyBase.get()Z @ 23
Event: 37.768 Thread 0x0000000059892000 Uncommon trap: reason=bimorphic action=maybe_recompile pc=0x00000000030f62c4 method=com.sun.javafx.css.CompoundSelector.stateMatches(Ljavafx/css/Styleable;Ljava/util/Set;I)Z @ 160

Internal exceptions (10 events):
Event: 3.790 Thread 0x0000000059892000 Exception <a 'java/lang/ArrayIndexOutOfBoundsException'> (0x00000000d72e4b70) thrown at [C:\re\workspace\8-2-build-windows-amd64-cygwin\jdk8u51\3951\hotspot\src\share\vm\runtime\sharedRuntime.cpp, line 605]
Event: 3.802 Thread 0x0000000059892000 Exception <a 'java/lang/ArrayIndexOutOfBoundsException'> (0x00000000d7394cf0) thrown at [C:\re\workspace\8-2-build-windows-amd64-cygwin\jdk8u51\3951\hotspot\src\share\vm\runtime\sharedRuntime.cpp, line 605]
Event: 4.156 Thread 0x0000000059892000 Exception <a 'java/lang/ArrayIndexOutOfBoundsException'> (0x00000000d7722778) thrown at [C:\re\workspace\8-2-build-windows-amd64-cygwin\jdk8u51\3951\hotspot\src\share\vm\runtime\sharedRuntime.cpp, line 605]
Event: 4.565 Thread 0x0000000059892000 Exception <a 'java/lang/ArrayIndexOutOfBoundsException'> (0x00000000d7d83a68) thrown at [C:\re\workspace\8-2-build-windows-amd64-cygwin\jdk8u51\3951\hotspot\src\share\vm\runtime\sharedRuntime.cpp, line 605]
Event: 5.744 Thread 0x0000000059892000 Implicit null exception at 0x0000000002a6efe5 to 0x0000000002a6f1f5
Event: 5.746 Thread 0x0000000059892000 Implicit null exception at 0x0000000002ac65af to 0x0000000002ac6615
Event: 17.108 Thread 0x0000000059892000 Implicit null exception at 0x0000000002a4c546 to 0x0000000002a4c879
Event: 17.121 Thread 0x0000000059892000 Implicit null exception at 0x0000000002b2476d to 0x0000000002b24b41
Event: 20.008 Thread 0x0000000059892000 Exception <a 'java/lang/ArrayIndexOutOfBoundsException'> (0x00000000d6aa3498) thrown at [C:\re\workspace\8-2-build-windows-amd64-cygwin\jdk8u51\3951\hotspot\src\share\vm\runtime\sharedRuntime.cpp, line 605]
Event: 20.032 Thread 0x0000000059892000 Exception <a 'java/lang/ArrayIndexOutOfBoundsException'> (0x00000000d6c86f78) thrown at [C:\re\workspace\8-2-build-windows-amd64-cygwin\jdk8u51\3951\hotspot\src\share\vm\runtime\sharedRuntime.cpp, line 605]

Events (10 events):
Event: 37.105 Thread 0x0000000059892000 Uncommon trap: trap_request=0xffffffc6 fr.pc=0x00000000030dea40
Event: 37.105 Thread 0x0000000059892000 DEOPT PACKING pc=0x00000000030dea40 sp=0x000000005aa2cae0
Event: 37.105 Thread 0x0000000059892000 DEOPT UNPACKING pc=0x00000000027a582a sp=0x000000005aa2c9b0 mode 2
Event: 37.763 loading class com/sun/javafx/collections/MappingChange$2
Event: 37.763 loading class com/sun/javafx/collections/MappingChange$2 done
Event: 37.763 loading class com/sun/javafx/scene/control/ReadOnlyUnbackedObservableList$SelectionListIterator
Event: 37.763 loading class com/sun/javafx/scene/control/ReadOnlyUnbackedObservableList$SelectionListIterator done
Event: 37.768 Thread 0x0000000059892000 Uncommon trap: trap_request=0xffffffc6 fr.pc=0x00000000030f62c4
Event: 37.768 Thread 0x0000000059892000 DEOPT PACKING pc=0x00000000030f62c4 sp=0x000000005aa2d0a0
Event: 37.768 Thread 0x0000000059892000 DEOPT UNPACKING pc=0x00000000027a582a sp=0x000000005aa2cf78 mode 2


Dynamic libraries:
0x000000013fd40000 - 0x000000013fd77000 	C:\Program Files\Java\jdk1.8.0_51\bin\java.exe
0x00000000770d0000 - 0x0000000077279000 	C:\Windows\SYSTEM32\ntdll.dll
0x0000000076fb0000 - 0x00000000770cf000 	C:\Windows\system32\kernel32.dll
0x000007fefd1d0000 - 0x000007fefd23b000 	C:\Windows\system32\KERNELBASE.dll
0x000007fefd820000 - 0x000007fefd8fb000 	C:\Windows\system32\ADVAPI32.dll
0x000007fefd900000 - 0x000007fefd99f000 	C:\Windows\system32\msvcrt.dll
0x000007feff2d0000 - 0x000007feff2ef000 	C:\Windows\SYSTEM32\sechost.dll
0x000007fefd6f0000 - 0x000007fefd81d000 	C:\Windows\system32\RPCRT4.dll
0x0000000076eb0000 - 0x0000000076faa000 	C:\Windows\system32\USER32.dll
0x000007feff100000 - 0x000007feff167000 	C:\Windows\system32\GDI32.dll
0x000007feff070000 - 0x000007feff07e000 	C:\Windows\system32\LPK.dll
0x000007fefd9a0000 - 0x000007fefda69000 	C:\Windows\system32\USP10.dll
0x000007fefba60000 - 0x000007fefbc54000 	C:\Windows\WinSxS\amd64_microsoft.windows.common-controls_6595b64144ccf1df_6.0.7601.17514_none_fa396087175ac9ac\COMCTL32.dll
0x000007fefd5d0000 - 0x000007fefd641000 	C:\Windows\system32\SHLWAPI.dll
0x000007feff2a0000 - 0x000007feff2ce000 	C:\Windows\system32\IMM32.DLL
0x000007fefde00000 - 0x000007fefdf09000 	C:\Windows\system32\MSCTF.dll
0x0000000059030000 - 0x0000000059102000 	C:\Program Files\Java\jdk1.8.0_51\jre\bin\msvcr100.dll
0x0000000077770000 - 0x0000000077ff3000 	C:\Program Files\Java\jdk1.8.0_51\jre\bin\server\jvm.dll
0x000007fefb1f0000 - 0x000007fefb1f9000 	C:\Windows\system32\WSOCK32.dll
0x000007feff390000 - 0x000007feff3dd000 	C:\Windows\system32\WS2_32.dll
0x000007fefeda0000 - 0x000007fefeda8000 	C:\Windows\system32\NSI.dll
0x000007fefae90000 - 0x000007fefaecb000 	C:\Windows\system32\WINMM.dll
0x000007fefc150000 - 0x000007fefc15c000 	C:\Windows\system32\VERSION.dll
0x00000000772a0000 - 0x00000000772a7000 	C:\Windows\system32\PSAPI.DLL
0x0000000060a70000 - 0x0000000060a7f000 	C:\Program Files\Java\jdk1.8.0_51\jre\bin\verify.dll
0x000000005f540000 - 0x000000005f569000 	C:\Program Files\Java\jdk1.8.0_51\jre\bin\java.dll
0x000000005f520000 - 0x000000005f536000 	C:\Program Files\Java\jdk1.8.0_51\jre\bin\zip.dll
0x000007fefdff0000 - 0x000007fefed78000 	C:\Windows\system32\SHELL32.dll
0x000007fefdbf0000 - 0x000007fefddf3000 	C:\Windows\system32\ole32.dll
0x000007fefd020000 - 0x000007fefd02f000 	C:\Windows\system32\profapi.dll
0x000000005c5f0000 - 0x000000005c61c000 	C:\Program Files\Java\jdk1.8.0_51\jre\bin\prism_d3d.dll
0x000007fed7970000 - 0x000007fed7b6f000 	C:\Windows\system32\d3d9.dll
0x000007fee87e0000 - 0x000007fee87e7000 	C:\Windows\system32\d3d8thk.dll
0x000007fefb3c0000 - 0x000007fefb3d8000 	C:\Windows\system32\dwmapi.dll
0x000007fefba00000 - 0x000007fefba56000 	C:\Windows\system32\uxtheme.dll
0x000007feea4d0000 - 0x000007feea5ee000 	C:\Windows\system32\aticfx64.dll
0x000007fee16f0000 - 0x000007fee170f000 	C:\Windows\system32\atiu9p64.dll
0x000007fed72d0000 - 0x000007fed7968000 	C:\Windows\system32\atiumd64.dll
0x000000005de60000 - 0x000000005e34a000 	C:\Windows\system32\atiumd6a.dll
0x000000005c2a0000 - 0x000000005c2e1000 	C:\Program Files\Java\jdk1.8.0_51\jre\bin\glass.dll
0x000007feff2f0000 - 0x000007feff387000 	C:\Windows\system32\COMDLG32.dll
0x000007fefdf10000 - 0x000007fefdfe7000 	C:\Windows\system32\OLEAUT32.dll
0x000007fefcf50000 - 0x000007fefcf5f000 	C:\Windows\system32\CRYPTBASE.dll
0x000000005f350000 - 0x000000005f365000 	C:\Program Files\Java\jdk1.8.0_51\jre\bin\javafx_font.dll
0x000007fee1bf0000 - 0x000007fee1d6e000 	C:\Windows\system32\dwrite.dll
0x00000000022b0000 - 0x00000000022d5000 	C:\Program Files\Java\jdk1.8.0_51\jre\bin\javafx_iio.dll
0x000007fefd650000 - 0x000007fefd6e9000 	C:\Windows\system32\CLBCatQ.DLL
0x000007fefb250000 - 0x000007fefb37a000 	C:\Windows\system32\WindowsCodecs.dll
0x000007fefcef0000 - 0x000007fefcf47000 	C:\Windows\system32\apphelp.dll
0x000007fef2f80000 - 0x000007fef2fbb000 	D:\Users\sprakash\AppData\Roaming\Dropbox\bin\DropboxExt64.27.dll
0x000007fee9b20000 - 0x000007fee9d5d000 	C:\PROGRA~1\MICROS~1\Office15\GROOVEEX.DLL
0x0000000070c30000 - 0x0000000070cc8000 	C:\Windows\system32\MSVCP100.dll
0x000000006fd60000 - 0x000000006fd8b000 	C:\Windows\system32\ATL100.DLL
0x000007fee9800000 - 0x000007fee9b16000 	C:\Windows\system32\msi.dll
0x000007fee8a80000 - 0x000007fee92f8000 	C:\PROGRA~1\MICROS~1\Office15\1033\GrooveIntlResource.dll
0x000007feec020000 - 0x000007feec04d000 	C:\Program Files\Common Files\Microsoft Shared\Ink\rtscom.dll
0x000000005c280000 - 0x000000005c291000 	C:\Program Files\Java\jdk1.8.0_51\jre\bin\prism_common.dll
0x000000005c260000 - 0x000000005c27a000 	C:\Program Files\Java\jdk1.8.0_51\jre\bin\net.dll
0x000007fefc870000 - 0x000007fefc8c5000 	C:\Windows\system32\mswsock.dll
0x000007fefcae0000 - 0x000007fefcae7000 	C:\Windows\System32\wship6.dll
0x000007fefc240000 - 0x000007fefc247000 	C:\Windows\System32\wshtcpip.dll
0x000007fefc700000 - 0x000007fefc75b000 	C:\Windows\system32\DNSAPI.dll
0x000007fefa5c0000 - 0x000007fefa5e7000 	C:\Windows\system32\IPHLPAPI.DLL
0x000007fefa5b0000 - 0x000007fefa5bb000 	C:\Windows\system32\WINNSI.DLL
0x000007fef9ec0000 - 0x000007fef9ec8000 	C:\Windows\system32\rasadhlp.dll
0x000007fefa450000 - 0x000007fefa4a3000 	C:\Windows\System32\fwpuclnt.dll

VM Arguments:
jvm_args: -Dfile.encoding=UTF-8 
java_command: D:\Users\sprakash\Documents\NetBeansProjects\CS415\dist\run2123573599\CS415.jar
java_class_path (initial): D:\Users\sprakash\Documents\NetBeansProjects\CS415\dist\run2123573599\CS415.jar
Launcher Type: SUN_STANDARD

Environment Variables:
PATH=C:\ProgramData\Oracle\Java\javapath;C:\Program Files (x86)\Common Files\Quest Shared\instantclient-basic-nt-12.1.0.2.0;C:\Program Files (x86)\AMD APP\bin\x86_64;C:\Program Files (x86)\AMD APP\bin\x86;C:\Windows\system32;C:\Windows;C:\Windows\System32\Wbem;C:\Windows\System32\WindowsPowerShell\v1.0\;C:\Program Files\Intel\DMIX;C:\Program Files (x86)\Skype\Phone\;C:\Program Files (x86)\Microsoft SQL Server\100\Tools\Binn\;C:\Program Files\Microsoft SQL Server\100\Tools\Binn\;C:\Program Files\Microsoft SQL Server\100\DTS\Binn\;C:\Program Files (x86)\Microsoft SQL Server\100\Tools\Binn\VSShell\Common7\IDE\;C:\Program Files (x86)\Microsoft Visual Studio 9.0\Common7\IDE\PrivateAssemblies\;C:\Program Files (x86)\Microsoft SQL Server\100\DTS\Binn\;C:\Program Files\Microsoft\Web Platform Installer\;C:\Program Files (x86)\Microsoft ASP.NET\ASP.NET Web Pages\v1.0\;C:\Program Files (x86)\Windows Kits\8.0\Windows Performance Toolkit\;C:\Program Files\Microsoft SQL Server\110\Tools\Binn\;C:\Program Files (x86)\Shoreline Communications\ShoreWare Client\;C:\Program Files (x86)\Shoreline Communications\ShoreWare Client\win64;C:\Program Files (x86)\ATI Technologies\ATI.ACE\Core-Static
USERNAME=sprakash
OS=Windows_NT
PROCESSOR_IDENTIFIER=Intel64 Family 6 Model 37 Stepping 5, GenuineIntel



---------------  S Y S T E M  ---------------

OS: Windows 7 , 64 bit Build 7601 (6.1.7601.17514)

CPU:total 4 (2 cores per cpu, 2 threads per core) family 6 model 37 stepping 5, cmov, cx8, fxsr, mmx, sse, sse2, sse3, ssse3, sse4.1, sse4.2, popcnt, aes, clmul, ht, tsc, tscinvbit

Memory: 4k page, physical 8248616k(1521512k free), swap 8758772k(5120k free)

vm_info: Java HotSpot(TM) 64-Bit Server VM (25.51-b03) for windows-amd64 JRE (1.8.0_51-b16), built on Jun  8 2015 18:03:07 by "java_re" with MS VC++ 10.0 (VS2010)

time: Wed Aug 19 13:25:01 2015
elapsed time: 38 seconds (0d 0h 0m 38s)

