JvmtiExport can_access_local_variables 0
JvmtiExport can_hotswap_or_post_breakpoint 0
JvmtiExport can_post_on_exceptions 0
# 509 ciObject found
instanceKlass com/sun/javafx/scene/control/ReadOnlyUnbackedObservableList$SelectionListIterator
instanceKlass com/sun/prism/shader/Solid_Color_Loader
instanceKlass com/sun/prism/impl/shape/BasicShapeRep
instanceKlass com/sun/javafx/scene/control/skin/TableRowSkinBase$$Lambda$379
instanceKlass javafx/scene/control/TableRow$$Lambda$378
instanceKlass javafx/scene/control/TableRow$$Lambda$377
instanceKlass javafx/scene/control/TableRow$$Lambda$376
instanceKlass com/sun/javafx/scene/control/skin/TableCellSkinBase$$Lambda$375
instanceKlass javafx/scene/control/TableColumn$CellDataFeatures
instanceKlass javafx/scene/control/TableCell$$Lambda$374
instanceKlass javafx/scene/control/TableCell$$Lambda$373
instanceKlass javafx/scene/control/TableCell$$Lambda$372
instanceKlass javafx/scene/control/TableCell$$Lambda$371
instanceKlass javafx/scene/control/TableCell$$Lambda$370
instanceKlass javafx/scene/control/TableCell$$Lambda$369
instanceKlass javafx/scene/control/TableCell$$Lambda$368
instanceKlass javafx/scene/control/TableCell$$Lambda$367
instanceKlass com/sun/javafx/scene/control/skin/TableColumnHeader$$Lambda$366
instanceKlass javafx/beans/value/WritableLongValue
instanceKlass javafx/beans/value/WritableFloatValue
instanceKlass com/sun/javafx/binding/BidirectionalBinding
instanceKlass cs415/Model/BookSearchResult$2
instanceKlass javafx/scene/control/TableColumn$$Lambda$365
instanceKlass javafx/scene/control/TableColumn$$Lambda$364
instanceKlass javafx/scene/control/TableColumn$$Lambda$363
instanceKlass javafx/scene/control/TableColumn$1
instanceKlass javafx/scene/control/TableColumnBase$$Lambda$362
instanceKlass com/mysql/jdbc/ResultSetMetaData
instanceKlass cs415/Model/BookSearchResult
instanceKlass com/sun/glass/ui/win/WinSystemClipboard$MimeTypeParser
instanceKlass javafx/scene/input/DataFormat
instanceKlass java/io/ObjectOutput
instanceKlass java/io/ObjectInput
instanceKlass com/sun/javafx/tk/quantum/QuantumClipboard
instanceKlass com/sun/openpisces/TransformingPathConsumer2D$FilterSet
instanceKlass com/sun/openpisces/Dasher
instanceKlass com/sun/openpisces/Renderer
instanceKlass com/sun/prism/impl/shape/OpenPiscesPrismUtils
instanceKlass com/sun/openpisces/Stroker$PolyStack
instanceKlass com/sun/openpisces/Curve
instanceKlass com/sun/openpisces/Stroker
instanceKlass com/sun/javafx/scene/KeyboardShortcutsHandler$1
instanceKlass com/sun/prism/shader/DrawSemiRoundRect_Color_Loader
instanceKlass com/sun/prism/shader/DrawRoundRect_Color_Loader
instanceKlass com/sun/javafx/geom/DirtyRegionPool$PoolItem
instanceKlass com/sun/javafx/tk/quantum/QuantumRenderer$$Lambda$361
instanceKlass javafx/scene/control/TableUtil
instanceKlass com/sun/javafx/tk/FontMetrics
instanceKlass com/sun/javafx/font/PrismFontUtils
instanceKlass com/sun/javafx/scene/control/skin/TabPaneSkin$3
instanceKlass com/sun/javafx/collections/VetoableListDecorator$ModCountAccessorImpl
instanceKlass com/sun/javafx/collections/VetoableListDecorator$VetoableIteratorDecorator
instanceKlass com/sun/javafx/scene/control/skin/TableViewSkin$$Lambda$360
instanceKlass com/sun/javafx/scene/control/skin/TableViewSkin$$Lambda$359
instanceKlass com/sun/javafx/scene/control/skin/TableViewSkin$$Lambda$358
instanceKlass com/sun/javafx/scene/control/skin/TableViewSkin$$Lambda$357
instanceKlass com/sun/javafx/scene/control/skin/TableViewSkin$$Lambda$356
instanceKlass com/sun/javafx/scene/control/skin/TableViewSkin$$Lambda$355
instanceKlass com/sun/javafx/scene/control/skin/TableViewSkin$$Lambda$354
instanceKlass com/sun/javafx/scene/control/skin/TableViewSkin$$Lambda$353
instanceKlass com/sun/javafx/scene/control/skin/TableViewSkin$$Lambda$352
instanceKlass com/sun/javafx/scene/control/skin/TableViewSkin$$Lambda$351
instanceKlass com/sun/javafx/scene/control/skin/TableViewSkin$$Lambda$350
instanceKlass com/sun/javafx/scene/control/skin/TableViewSkinBase$$Lambda$349
instanceKlass com/sun/javafx/scene/control/skin/TableViewSkinBase$$Lambda$348
instanceKlass com/sun/javafx/scene/control/skin/TableViewSkinBase$$Lambda$347
instanceKlass com/sun/javafx/scene/control/skin/TableColumnHeader$StyleableProperties
instanceKlass com/sun/javafx/scene/control/skin/TableHeaderRow$$Lambda$346
instanceKlass com/sun/javafx/scene/control/skin/TableHeaderRow$$Lambda$345
instanceKlass com/sun/javafx/scene/control/skin/TableHeaderRow$$Lambda$344
instanceKlass com/sun/javafx/scene/control/skin/NestedTableColumnHeader$$Lambda$343
instanceKlass com/sun/javafx/scene/control/skin/TableColumnHeader$$Lambda$342
instanceKlass com/sun/javafx/scene/control/skin/TableColumnHeader$$Lambda$341
instanceKlass com/sun/javafx/scene/control/skin/TableColumnHeader$$Lambda$340
instanceKlass com/sun/javafx/scene/control/skin/TableColumnHeader$$Lambda$339
instanceKlass com/sun/javafx/scene/control/skin/NestedTableColumnHeader$4
instanceKlass com/sun/javafx/scene/control/skin/NestedTableColumnHeader$3
instanceKlass com/sun/javafx/scene/control/skin/NestedTableColumnHeader$2
instanceKlass com/sun/javafx/scene/control/skin/NestedTableColumnHeader$1
instanceKlass com/sun/javafx/scene/control/skin/TableColumnHeader$$Lambda$338
instanceKlass com/sun/javafx/scene/control/skin/TableColumnHeader$$Lambda$337
instanceKlass com/sun/javafx/scene/control/skin/TableColumnHeader$$Lambda$336
instanceKlass com/sun/javafx/scene/control/skin/TableColumnHeader$$Lambda$335
instanceKlass com/sun/javafx/scene/control/skin/TableHeaderRow$$Lambda$334
instanceKlass com/sun/javafx/scene/control/skin/TableHeaderRow$$Lambda$333
instanceKlass com/sun/javafx/scene/control/skin/TableHeaderRow$3
instanceKlass com/sun/javafx/scene/control/skin/TableHeaderRow$$Lambda$332
instanceKlass com/sun/javafx/scene/control/skin/TableHeaderRow$$Lambda$331
instanceKlass com/sun/javafx/scene/control/skin/TableViewSkinBase$$Lambda$330
instanceKlass com/sun/javafx/scene/control/skin/TableViewSkinBase$$Lambda$329
instanceKlass com/sun/javafx/scene/control/skin/TableViewSkinBase$$Lambda$328
instanceKlass com/sun/javafx/scene/control/skin/TableViewSkinBase$$Lambda$327
instanceKlass com/sun/javafx/scene/control/skin/TableViewSkinBase$$Lambda$326
instanceKlass com/sun/javafx/scene/control/skin/TableViewSkinBase$$Lambda$325
instanceKlass com/sun/javafx/scene/control/skin/TableViewSkinBase$$Lambda$324
instanceKlass com/sun/javafx/scene/control/behavior/TableViewBehavior$$Lambda$323
instanceKlass com/sun/javafx/scene/control/behavior/TableViewBehaviorBase$$Lambda$322
instanceKlass com/sun/javafx/scene/control/SizeLimitedList
instanceKlass com/sun/javafx/scene/control/skin/TableViewSkinBase$$Lambda$321
instanceKlass com/sun/javafx/scene/control/skin/TabPaneSkin$StyleableProperties
instanceKlass com/sun/javafx/scene/control/skin/TabPaneSkin$$Lambda$320
instanceKlass com/sun/javafx/scene/control/skin/TabPaneSkin$TabHeaderArea$$Lambda$319
instanceKlass com/sun/javafx/scene/control/skin/TabPaneSkin$TabControlButtons$$Lambda$318
instanceKlass com/sun/javafx/scene/control/skin/TabPaneSkin$TabControlButtons$$Lambda$317
instanceKlass com/sun/javafx/scene/control/skin/TabPaneSkin$TabControlButtons$$Lambda$316
instanceKlass com/sun/javafx/scene/control/skin/TabPaneSkin$TabMenuItem$1
instanceKlass javafx/scene/control/Toggle
instanceKlass javafx/scene/control/ToggleGroup
instanceKlass com/sun/javafx/scene/control/skin/TabPaneSkin$TabControlButtons$$Lambda$315
instanceKlass com/sun/javafx/scene/control/skin/TabPaneSkin$TabHeaderSkin$5
instanceKlass com/sun/javafx/scene/control/skin/TabPaneSkin$TabHeaderSkin$$Lambda$314
instanceKlass com/sun/javafx/scene/control/skin/TabPaneSkin$TabHeaderSkin$3
instanceKlass javafx/scene/control/Label$$Lambda$313
instanceKlass com/sun/javafx/scene/control/skin/TabPaneSkin$TabHeaderSkin$1
instanceKlass com/sun/javafx/scene/control/skin/TabPaneSkin$TabHeaderSkin$$Lambda$312
instanceKlass javafx/scene/control/TableView$StyleableProperties
instanceKlass com/sun/javafx/scene/control/skin/TabPaneSkin$TabContentRegion$1
instanceKlass com/sun/javafx/scene/control/skin/TabPaneSkin$TabContentRegion$$Lambda$311
instanceKlass com/sun/javafx/scene/control/skin/SplitPaneSkin$$Lambda$310
instanceKlass com/sun/javafx/scene/control/skin/SplitPaneSkin$$Lambda$309
instanceKlass com/sun/javafx/scene/control/skin/SplitPaneSkin$$Lambda$308
instanceKlass com/sun/javafx/scene/control/skin/SplitPaneSkin$PosPropertyListener
instanceKlass com/sun/javafx/scene/control/skin/SplitPaneSkin$$Lambda$307
instanceKlass javafx/scene/control/TabPane$StyleableProperties
instanceKlass javafx/scene/layout/VBox$StyleableProperties
instanceKlass javafx/scene/control/SplitPane$StyleableProperties
instanceKlass javafx/scene/control/SplitPane$Divider
instanceKlass javafx/scene/control/TableView$4
instanceKlass javafx/scene/control/TableView$$Lambda$306
instanceKlass javafx/scene/control/TableView$TableViewFocusModel$$Lambda$305
instanceKlass javafx/scene/control/TableView$TableViewArrayListSelectionModel$$Lambda$304
instanceKlass com/sun/javafx/scene/control/SelectedCellsMap$$Lambda$303
instanceKlass javafx/collections/transformation/SortedList$ElementComparator
instanceKlass javafx/collections/transformation/SortedList$Element
instanceKlass com/sun/javafx/collections/SortHelper
instanceKlass javafx/collections/transformation/TransformationList$$Lambda$302
instanceKlass com/sun/javafx/scene/control/SelectedCellsMap$$Lambda$301
instanceKlass javafx/scene/control/TableView$TableViewArrayListSelectionModel$$Lambda$300
instanceKlass javafx/scene/control/TableView$TableViewArrayListSelectionModel$$Lambda$299
instanceKlass javafx/scene/control/TableView$TableViewArrayListSelectionModel$$Lambda$298
instanceKlass javafx/scene/control/TableView$TableViewArrayListSelectionModel$$Lambda$297
instanceKlass javafx/scene/control/TablePositionBase
instanceKlass com/sun/javafx/scene/control/SelectedCellsMap
instanceKlass javafx/scene/control/TableView$$Lambda$296
instanceKlass javafx/scene/control/TableView$$Lambda$295
instanceKlass javafx/scene/control/TableView$$Lambda$294
instanceKlass javafx/scene/control/TableView$$Lambda$293
instanceKlass javafx/scene/control/TableView$$Lambda$292
instanceKlass javafx/scene/control/TableView$5
instanceKlass javafx/scene/control/TableView$3
instanceKlass javafx/scene/control/ResizeFeaturesBase
instanceKlass javafx/scene/control/TableView$2
instanceKlass javafx/scene/control/TableView$1
instanceKlass javafx/scene/control/TableColumnBase
instanceKlass javafx/scene/control/Tab$$Lambda$291
instanceKlass javafx/scene/control/TabPane$$Lambda$290
instanceKlass javafx/scene/control/TabPane$TabPaneSelectionModel$$Lambda$289
instanceKlass javafx/scene/control/Tab
instanceKlass com/sun/javafx/image/impl/ByteRgba$Accessor
instanceKlass com/sun/javafx/image/impl/ByteRgba
instanceKlass com/sun/javafx/image/impl/ByteBgraPre$Accessor
instanceKlass com/sun/javafx/image/impl/ByteBgraPre
instanceKlass com/sun/javafx/image/impl/BaseByteToByteConverter
instanceKlass com/sun/javafx/image/ByteToBytePixelConverter
instanceKlass com/sun/javafx/image/PixelConverter
instanceKlass com/sun/javafx/image/impl/ByteBgra$Accessor
instanceKlass com/sun/javafx/image/BytePixelAccessor
instanceKlass com/sun/javafx/image/BytePixelSetter
instanceKlass com/sun/javafx/image/PixelSetter
instanceKlass com/sun/javafx/image/BytePixelGetter
instanceKlass com/sun/javafx/image/impl/ByteBgra
instanceKlass javafx/scene/layout/VBox$$Lambda$288
instanceKlass javafx/scene/control/SplitPane$1
instanceKlass cs415/Controller/StaffmainController
instanceKlass com/sun/javafx/tk/quantum/PaintCollector$$Lambda$287
instanceKlass com/sun/javafx/tk/quantum/PaintCollector$$Lambda$286
instanceKlass com/mysql/jdbc/PreparedStatement$BatchVisitor
instanceKlass com/mysql/jdbc/PreparedStatement$ParseInfo
instanceKlass java/sql/ParameterMetaData
instanceKlass com/mysql/jdbc/ParameterBindings
instanceKlass java/util/Collections$UnmodifiableMap$UnmodifiableEntrySet$UnmodifiableEntry
instanceKlass java/util/Collections$UnmodifiableMap$UnmodifiableEntrySet$1
instanceKlass com/mysql/jdbc/EscapeProcessor
instanceKlass com/mysql/jdbc/NetworkResources
instanceKlass com/mysql/jdbc/LicenseConfiguration
instanceKlass com/mysql/jdbc/exceptions/DeadlockTimeoutRollbackMarker
instanceKlass com/mysql/jdbc/SQLError
instanceKlass sun/misc/FDBigInteger
instanceKlass java/sql/ResultSetMetaData
instanceKlass com/mysql/jdbc/RowDataStatic
instanceKlass com/mysql/jdbc/Constants
instanceKlass com/mysql/jdbc/MysqlDefs
instanceKlass com/mysql/jdbc/Field
instanceKlass java/util/TimerTask
instanceKlass com/mysql/jdbc/SingleByteCharsetConverter
instanceKlass com/mysql/jdbc/authentication/MysqlClearPasswordPlugin
instanceKlass com/mysql/jdbc/authentication/MysqlNativePasswordPlugin
instanceKlass com/mysql/jdbc/authentication/MysqlOldPasswordPlugin
instanceKlass java/net/Socket$3
instanceKlass java/net/Socket$2
instanceKlass sun/net/NetHooks
instanceKlass java/net/Proxy
instanceKlass sun/net/spi/DefaultProxySelector$3
instanceKlass sun/net/spi/DefaultProxySelector$NonProxyInfo
instanceKlass sun/net/NetProperties$1
instanceKlass sun/net/NetProperties
instanceKlass sun/net/spi/DefaultProxySelector$1
instanceKlass java/net/ProxySelector
instanceKlass java/net/SocksSocketImpl$3
instanceKlass java/net/PlainSocketImpl$1
instanceKlass java/net/AbstractPlainSocketImpl$1
instanceKlass java/net/SocketImpl
instanceKlass java/net/SocketOptions
instanceKlass java/net/SocksConsts
instanceKlass java/net/InetSocketAddress$InetSocketAddressHolder
instanceKlass java/net/Inet6Address$Inet6AddressHolder
instanceKlass java/net/InetAddress$CacheEntry
instanceKlass sun/net/InetAddressCachePolicy$2
instanceKlass java/security/Security$1
instanceKlass java/security/Security
instanceKlass sun/net/InetAddressCachePolicy$1
instanceKlass sun/net/InetAddressCachePolicy
instanceKlass java/net/Inet4AddressImpl
instanceKlass java/net/InetAddress$2
instanceKlass sun/net/spi/nameservice/NameService
instanceKlass java/net/Inet6AddressImpl
instanceKlass java/net/InetAddressImpl
instanceKlass java/net/InetAddressImplFactory
instanceKlass java/net/InetAddress$Cache
instanceKlass java/net/InetAddress$InetAddressHolder
instanceKlass java/net/InetAddress$1
instanceKlass java/net/SocketImplFactory
instanceKlass java/net/InetAddress
instanceKlass java/nio/channels/spi/AbstractInterruptibleChannel
instanceKlass java/nio/channels/InterruptibleChannel
instanceKlass java/nio/channels/NetworkChannel
instanceKlass java/nio/channels/GatheringByteChannel
instanceKlass java/nio/channels/ScatteringByteChannel
instanceKlass java/nio/channels/ByteChannel
instanceKlass java/nio/channels/WritableByteChannel
instanceKlass java/nio/channels/ReadableByteChannel
instanceKlass java/net/SocketAddress
instanceKlass java/net/Socket
instanceKlass com/mysql/jdbc/Buffer
instanceKlass com/mysql/jdbc/authentication/Sha256PasswordPlugin
instanceKlass com/mysql/jdbc/AuthenticationPlugin
instanceKlass com/mysql/jdbc/StreamingNotifiable
instanceKlass com/mysql/jdbc/ResultSetImpl
instanceKlass com/mysql/jdbc/MysqlIO
instanceKlass java/util/TreeMap$PrivateEntryIterator
instanceKlass java/lang/StringCoding$StringEncoder
instanceKlass com/mysql/jdbc/ResultSetRow
instanceKlass com/mysql/jdbc/DatabaseMetaData$IteratorWithCleanup
instanceKlass com/mysql/jdbc/RowData
instanceKlass com/mysql/jdbc/DatabaseMetaData
instanceKlass com/mysql/jdbc/log/LogFactory
instanceKlass java/util/ResourceBundle$RBClassLoader$1
instanceKlass sun/util/resources/LocaleData$1
instanceKlass sun/util/resources/LocaleData
instanceKlass sun/util/locale/provider/LocaleResources
instanceKlass sun/util/locale/provider/CalendarDataUtility$CalendarWeekParameterGetter
instanceKlass sun/util/locale/provider/LocaleServiceProviderPool$LocalizedObjectGetter
instanceKlass sun/util/locale/provider/SPILocaleProviderAdapter$1
instanceKlass sun/util/locale/provider/JRELocaleProviderAdapter$1
instanceKlass sun/util/locale/provider/LocaleDataMetaInfo
instanceKlass sun/util/locale/provider/AvailableLanguageTags
instanceKlass sun/util/locale/provider/LocaleProviderAdapter$1
instanceKlass sun/util/locale/provider/ResourceBundleBasedAdapter
instanceKlass sun/util/locale/provider/LocaleProviderAdapter
instanceKlass sun/util/locale/provider/LocaleServiceProviderPool
instanceKlass java/util/spi/LocaleServiceProvider
instanceKlass sun/util/locale/provider/CalendarDataUtility
instanceKlass com/mysql/jdbc/Collation
instanceKlass java/util/TreeMap$Entry
instanceKlass com/mysql/jdbc/VersionedStringProperty
instanceKlass java/util/Collections$UnmodifiableMap
instanceKlass com/mysql/jdbc/CharsetMapping
instanceKlass com/mysql/jdbc/StandardSocketFactory
instanceKlass com/mysql/jdbc/SocketMetadata
instanceKlass com/mysql/jdbc/SocketFactory
instanceKlass com/mysql/jdbc/PerConnectionLRUFactory
instanceKlass java/text/AttributedCharacterIterator$Attribute
instanceKlass java/text/FieldPosition
instanceKlass java/util/Locale$1
instanceKlass java/text/Format
instanceKlass com/mysql/jdbc/PerVmServerConfigCacheFactory
instanceKlass com/mysql/jdbc/CacheAdapterFactory
instanceKlass javax/naming/RefAddr
instanceKlass java/sql/SQLXML
instanceKlass java/sql/Blob
instanceKlass com/mysql/jdbc/log/NullLogger
instanceKlass com/mysql/jdbc/ConnectionPropertiesImpl$ConnectionProperty
instanceKlass com/mysql/jdbc/log/StandardLogger
instanceKlass java/util/Calendar
instanceKlass com/mysql/jdbc/log/Log
instanceKlass com/mysql/jdbc/StatementInterceptorV2
instanceKlass java/sql/DatabaseMetaData
instanceKlass java/sql/CallableStatement
instanceKlass java/sql/Savepoint
instanceKlass com/mysql/jdbc/ResultSetInternalMethods
instanceKlass java/sql/ResultSet
instanceKlass com/mysql/jdbc/ExceptionInterceptor
instanceKlass com/mysql/jdbc/Extension
instanceKlass com/mysql/jdbc/StatementImpl
instanceKlass com/mysql/jdbc/Statement
instanceKlass java/sql/PreparedStatement
instanceKlass java/sql/Statement
instanceKlass com/mysql/jdbc/IterateBlock
instanceKlass com/mysql/jdbc/ConnectionPropertiesImpl
instanceKlass com/mysql/jdbc/MySQLConnection
instanceKlass com/mysql/jdbc/Connection
instanceKlass com/mysql/jdbc/ConnectionProperties
instanceKlass java/lang/Throwable$PrintStreamOrWriter
instanceKlass com/mysql/jdbc/Messages
instanceKlass java/sql/NClob
instanceKlass java/sql/Clob
instanceKlass java/lang/reflect/AnnotatedType
instanceKlass java/nio/channels/Channel
instanceKlass java/io/Console
instanceKlass com/mysql/jdbc/Util
instanceKlass java/net/URLEncoder
instanceKlass java/net/URLDecoder
instanceKlass java/math/MathContext
instanceKlass com/mysql/jdbc/StringUtils
instanceKlass java/sql/DriverInfo
instanceKlass java/sql/DriverManager$2
instanceKlass java/sql/DriverManager$1
instanceKlass java/sql/DriverManager
instanceKlass java/sql/Connection
instanceKlass java/sql/Wrapper
instanceKlass com/mysql/jdbc/NonRegisteringDriver
instanceKlass java/sql/Driver
instanceKlass cs415/Model/DatabaseUtils
instanceKlass cs415/Model/user
instanceKlass com/sun/javafx/tk/quantum/WindowStage$$Lambda$285
instanceKlass com/sun/javafx/tk/quantum/ViewScene$$Lambda$284
instanceKlass com/sun/javafx/tk/quantum/WindowStage$$Lambda$283
instanceKlass com/sun/javafx/collections/MappingChange$1
instanceKlass javafx/scene/input/MouseEvent$1
instanceKlass com/sun/javafx/tk/quantum/SceneState$$Lambda$282
instanceKlass com/sun/scenario/effect/impl/BufferUtil$$Lambda$281
instanceKlass com/sun/scenario/effect/impl/BufferUtil
instanceKlass com/sun/scenario/effect/impl/state/BoxRenderState$1
instanceKlass com/sun/scenario/effect/ImageData$$Lambda$280
instanceKlass com/sun/javafx/geom/transform/AffineBase$1
instanceKlass com/sun/scenario/effect/impl/prism/ps/PPSRenderer$1
instanceKlass com/sun/scenario/effect/impl/hw/d3d/D3DShaderSource
instanceKlass com/sun/scenario/effect/impl/hw/ShaderSource
instanceKlass com/sun/scenario/effect/FloatMap
instanceKlass com/sun/scenario/effect/impl/EffectPeer
instanceKlass com/sun/prism/ResourceFactoryListener
instanceKlass com/sun/prism/d3d/D3DPipeline$1
instanceKlass com/sun/scenario/effect/impl/prism/PrTexture
instanceKlass com/sun/scenario/effect/impl/PoolFilterable
instanceKlass com/sun/scenario/effect/impl/RendererFactory$$Lambda$279
instanceKlass com/sun/scenario/effect/impl/RendererFactory
instanceKlass com/sun/scenario/effect/impl/Renderer$$Lambda$278
instanceKlass com/sun/scenario/effect/impl/Renderer
instanceKlass com/sun/javafx/sg/prism/NodeEffectInput$1
instanceKlass com/sun/scenario/effect/ImageData
instanceKlass java/lang/invoke/LambdaForm$MH
instanceKlass com/sun/scenario/effect/impl/state/LinearConvolveRenderState$$Lambda$277
instanceKlass java/lang/invoke/LambdaForm$DMH
instanceKlass java/lang/invoke/LambdaForm$DMH
instanceKlass com/sun/scenario/effect/impl/ImagePool$$Lambda$276
instanceKlass com/sun/scenario/effect/impl/ImagePool
instanceKlass com/sun/scenario/effect/impl/prism/PrRenderInfo
instanceKlass com/sun/scenario/effect/ImageDataRenderer
instanceKlass com/sun/javafx/geom/transform/Affine2D$1
instanceKlass java/util/concurrent/CopyOnWriteArrayList$COWIterator
instanceKlass javafx/stage/PopupWindow$$Lambda$275
instanceKlass com/sun/glass/ui/Window$TrackingRectangle
instanceKlass com/sun/glass/ui/Window$UndecoratedMoveResizeHelper
instanceKlass com/sun/prism/impl/QueuedPixelSource
instanceKlass com/sun/prism/PixelSource
instanceKlass com/sun/javafx/scene/control/skin/VirtualFlow$$Lambda$274
instanceKlass com/sun/javafx/scene/control/skin/ComboBoxPopupControl$$Lambda$273
instanceKlass com/sun/javafx/scene/control/skin/ComboBoxPopupControl$$Lambda$272
instanceKlass com/sun/javafx/scene/control/skin/ComboBoxPopupControl$$Lambda$271
instanceKlass com/sun/javafx/scene/control/skin/ComboBoxPopupControl$$Lambda$270
instanceKlass com/sun/javafx/scene/control/skin/ComboBoxPopupControl$$Lambda$269
instanceKlass com/sun/javafx/scene/control/skin/ComboBoxPopupControl$1$1
instanceKlass com/sun/javafx/geometry/BoundsUtils
instanceKlass com/sun/javafx/scene/input/KeyCodeMap
instanceKlass com/sun/javafx/tk/quantum/GlassViewEventHandler$$Lambda$268
instanceKlass com/sun/prism/impl/ps/CachingShapeRepState$CSRDisposerRecord
instanceKlass com/sun/prism/impl/ps/CachingShapeRepState$MaskTexData
instanceKlass com/sun/prism/impl/ps/CachingShapeRepState$MaskCache$$Lambda$267
instanceKlass com/sun/prism/impl/ps/CachingShapeRepState$CacheEntry
instanceKlass com/sun/prism/impl/ps/CachingShapeRepState$MaskCache
instanceKlass com/sun/prism/impl/ps/CachingShapeRepState
instanceKlass com/sun/prism/impl/ps/CachingShapeRep
instanceKlass com/sun/prism/shader/FillPgram_LinearGradient_PAD_Loader
instanceKlass java/lang/invoke/LambdaForm$MH
instanceKlass java/lang/invoke/LambdaForm$DMH
instanceKlass java/lang/invoke/LambdaForm$DMH
instanceKlass javafx/animation/Animation$1$$Lambda$266
instanceKlass java/lang/invoke/LambdaForm$DMH
instanceKlass com/sun/scenario/animation/AnimationPulse$PulseData$$Lambda$265
instanceKlass com/sun/scenario/animation/AnimationPulse$PulseData$$Lambda$264
instanceKlass com/sun/scenario/animation/AnimationPulse$PulseData$$Lambda$263
instanceKlass com/sun/scenario/animation/AnimationPulse$PulseData$$Lambda$262
instanceKlass com/sun/scenario/animation/AnimationPulse$PulseData$$Lambda$261
instanceKlass com/sun/scenario/animation/AnimationPulse$PulseData$$Lambda$260
instanceKlass com/sun/scenario/animation/AnimationPulse$PulseData$$Lambda$259
instanceKlass com/sun/scenario/animation/AnimationPulse$PulseData$$Lambda$258
instanceKlass java/lang/invoke/LambdaForm$DMH
instanceKlass java/lang/invoke/LambdaForm$DMH
instanceKlass com/sun/scenario/animation/AnimationPulse$PulseData
instanceKlass com/sun/scenario/animation/AnimationPulse$PulseData$Accessor
instanceKlass java/util/concurrent/ConcurrentLinkedQueue$Node
instanceKlass com/sun/scenario/animation/AnimationPulse$AnimationPulseHolder
instanceKlass com/sun/scenario/animation/AnimationPulse
instanceKlass com/sun/scenario/animation/AnimationPulseMBean
instanceKlass com/sun/javafx/scene/text/HitInfo
instanceKlass javafx/animation/Animation$5
instanceKlass javafx/scene/Scene$ClickCounter$$Lambda$257
instanceKlass com/sun/javafx/tk/TKDragSourceListener
instanceKlass javafx/scene/Scene$DnDGesture
instanceKlass com/sun/glass/ui/win/WinClipboardDelegate
instanceKlass com/sun/glass/ui/Clipboard
instanceKlass javafx/scene/Node$$Lambda$256
instanceKlass java/util/EnumMap$EnumMapIterator
instanceKlass com/sun/javafx/scene/input/InputEventUtils
instanceKlass javafx/scene/input/PickResult
instanceKlass javafx/scene/input/MouseEvent$Flags
instanceKlass com/sun/javafx/tk/quantum/GlassViewEventHandler$$Lambda$255
instanceKlass com/sun/javafx/geom/transform/TransformHelper
instanceKlass com/sun/scenario/effect/impl/prism/PrEffectHelper
instanceKlass com/sun/prism/impl/GlyphCache$GlyphData
instanceKlass com/sun/prism/shader/Solid_TextureSecondPassLCD_Loader
instanceKlass com/sun/prism/shader/Solid_TextureFirstPassLCD_Loader
instanceKlass com/sun/prism/impl/GlyphCache
instanceKlass com/sun/prism/PrinterGraphics
instanceKlass com/sun/prism/shader/Solid_TextureRGB_Loader
instanceKlass com/sun/prism/MultiTexture
instanceKlass java/util/Collections$UnmodifiableList$1
instanceKlass com/sun/prism/impl/ps/BaseShaderContext$1
instanceKlass com/sun/prism/shader/Texture_LinearGradient_PAD_Loader
instanceKlass com/sun/prism/impl/BufferUtil$$Lambda$254
instanceKlass com/sun/prism/impl/BufferUtil
instanceKlass com/sun/prism/impl/ps/PaintHelper
instanceKlass com/sun/prism/paint/Stop
instanceKlass com/sun/prism/shader/Texture_Color_Loader
instanceKlass com/sun/prism/d3d/D3DTexture$1
instanceKlass com/sun/prism/impl/shape/NativePiscesRasterizer$$Lambda$253
instanceKlass com/sun/prism/impl/shape/MaskData
instanceKlass com/sun/prism/impl/shape/NativePiscesRasterizer
instanceKlass com/sun/prism/impl/shape/ShapeRasterizer
instanceKlass com/sun/prism/impl/shape/ShapeUtil
instanceKlass com/sun/javafx/sg/prism/RegionImageCache$CachedImage
instanceKlass com/sun/prism/impl/packrect/Level
instanceKlass com/sun/prism/impl/packrect/RectanglePacker
instanceKlass com/sun/prism/impl/BaseResourceFactory$1
instanceKlass com/sun/javafx/sg/prism/RegionImageCache
instanceKlass com/sun/prism/d3d/D3DContext$1
instanceKlass java/nio/DirectByteBuffer$Deallocator
instanceKlass com/sun/prism/shader/FillPgram_Color_Loader
instanceKlass com/sun/prism/d3d/D3DResourceFactory$$Lambda$252
instanceKlass com/sun/javafx/geom/transform/Affine3D$1
instanceKlass com/sun/prism/impl/BaseGraphicsResource
instanceKlass com/sun/prism/impl/ps/BaseShaderGraphics$$Lambda$251
instanceKlass com/sun/prism/impl/Disposer$Target
instanceKlass com/sun/prism/impl/Disposer
instanceKlass com/sun/prism/impl/PrismTrace
instanceKlass com/sun/prism/d3d/D3DResource$D3DRecord
instanceKlass com/sun/prism/impl/Disposer$Record
instanceKlass com/sun/prism/impl/BaseTexture
instanceKlass com/sun/prism/d3d/D3DContextSource
instanceKlass com/sun/prism/ReadbackRenderTarget
instanceKlass com/sun/prism/d3d/D3DRenderTarget
instanceKlass com/sun/prism/impl/BaseResourcePool$WeakLinkedList
instanceKlass com/sun/prism/impl/BaseResourcePool$$Lambda$250
instanceKlass com/sun/prism/impl/BaseResourcePool$$Lambda$249
instanceKlass com/sun/prism/impl/BaseResourcePool$$Lambda$248
instanceKlass com/sun/prism/impl/BaseResourcePool$$Lambda$247
instanceKlass com/sun/prism/impl/BaseResourcePool$$Lambda$246
instanceKlass com/sun/prism/impl/BaseResourcePool$$Lambda$245
instanceKlass java/lang/invoke/LambdaForm$DMH
instanceKlass java/lang/invoke/LambdaForm$DMH
instanceKlass com/sun/prism/impl/ManagedResource
instanceKlass com/sun/prism/impl/BaseResourcePool$Predicate
instanceKlass com/sun/glass/ui/Size
instanceKlass com/sun/prism/impl/BaseResourcePool
instanceKlass com/sun/javafx/tk/quantum/CursorUtils$1
instanceKlass com/sun/javafx/tk/quantum/CursorUtils
instanceKlass com/sun/javafx/tk/quantum/ViewScene$$Lambda$244
instanceKlass com/sun/javafx/sg/prism/EffectFilter
instanceKlass com/sun/scenario/effect/GaussianShadow$1
instanceKlass com/sun/javafx/tk/Toolkit$1
instanceKlass com/sun/scenario/effect/impl/state/LinearConvolveRenderState
instanceKlass com/sun/scenario/effect/Color4f
instanceKlass com/sun/scenario/effect/impl/state/LinearConvolveKernel
instanceKlass com/sun/scenario/effect/impl/state/RenderState
instanceKlass com/sun/javafx/geom/Path2D$SVGParser
instanceKlass com/sun/prism/image/CompoundImage
instanceKlass javafx/scene/effect/Effect$1
instanceKlass javafx/scene/control/TextInputControl$TextInputControlFromatterAccessor
instanceKlass com/sun/javafx/scene/traversal/TabOrderHelper
instanceKlass com/sun/javafx/tk/Toolkit$$Lambda$243
instanceKlass com/sun/javafx/tk/Toolkit$$Lambda$242
instanceKlass java/lang/invoke/LambdaForm$MH
instanceKlass java/lang/invoke/LambdaForm$DMH
instanceKlass java/lang/invoke/LambdaForm$DMH
instanceKlass com/sun/javafx/tk/quantum/WindowStage$$Lambda$241
instanceKlass java/lang/invoke/LambdaForm$DMH
instanceKlass com/sun/javafx/tk/quantum/GlassViewEventHandler$ViewEventNotification$$Lambda$240
instanceKlass com/sun/javafx/scene/control/behavior/TextBinding
instanceKlass javafx/scene/layout/Region$11
instanceKlass java/util/NavigableMap
instanceKlass java/util/NavigableSet
instanceKlass java/util/SortedSet
instanceKlass com/sun/javafx/text/ScriptMapper
instanceKlass sun/text/bidi/BidiLine
instanceKlass sun/text/normalizer/UTF16
instanceKlass sun/text/normalizer/CharTrie$FriendAgent
instanceKlass sun/text/normalizer/Trie$DefaultGetFoldingOffset
instanceKlass sun/text/normalizer/Trie$DataManipulate
instanceKlass sun/text/normalizer/Trie
instanceKlass sun/text/normalizer/ICUBinary
instanceKlass sun/text/normalizer/UBiDiProps$IsAcceptable
instanceKlass sun/text/normalizer/ICUBinary$Authenticate
instanceKlass sun/text/normalizer/ICUData
instanceKlass sun/text/normalizer/UBiDiProps
instanceKlass sun/text/bidi/BidiBase$Point
instanceKlass sun/text/bidi/BidiBase$InsertPoints
instanceKlass sun/text/bidi/BidiRun
instanceKlass sun/text/bidi/BidiBase$ImpTabPair
instanceKlass sun/text/bidi/BidiBase
instanceKlass java/text/Bidi
instanceKlass java/util/SortedMap
instanceKlass javafx/scene/Parent$4
instanceKlass com/sun/javafx/scene/control/skin/ScrollBarSkin$$Lambda$239
instanceKlass com/sun/javafx/scene/control/skin/ScrollBarSkin$$Lambda$238
instanceKlass com/sun/javafx/scene/control/skin/ScrollBarSkin$$Lambda$237
instanceKlass com/sun/javafx/scene/control/skin/ScrollBarSkin$$Lambda$236
instanceKlass com/sun/javafx/scene/control/skin/ScrollBarSkin$$Lambda$235
instanceKlass com/sun/javafx/scene/control/skin/ScrollBarSkin$$Lambda$234
instanceKlass com/sun/javafx/scene/control/skin/ScrollBarSkin$$Lambda$233
instanceKlass com/sun/javafx/scene/control/skin/ScrollBarSkin$$Lambda$232
instanceKlass com/sun/javafx/scene/control/skin/ScrollBarSkin$$Lambda$231
instanceKlass com/sun/javafx/scene/control/skin/ScrollBarSkin$$Lambda$230
instanceKlass com/sun/javafx/scene/control/skin/ScrollBarSkin$$Lambda$229
instanceKlass com/sun/javafx/scene/control/skin/ListViewSkin$$Lambda$228
instanceKlass com/sun/javafx/scene/control/skin/ListViewSkin$$Lambda$227
instanceKlass com/sun/javafx/scene/control/skin/ListViewSkin$$Lambda$226
instanceKlass com/sun/javafx/scene/control/skin/ListViewSkin$$Lambda$225
instanceKlass com/sun/javafx/scene/control/skin/ListViewSkin$$Lambda$224
instanceKlass com/sun/javafx/scene/control/skin/ListViewSkin$$Lambda$223
instanceKlass com/sun/javafx/scene/control/skin/ListViewSkin$$Lambda$222
instanceKlass com/sun/javafx/scene/control/skin/ListViewSkin$$Lambda$221
instanceKlass com/sun/javafx/scene/control/skin/ListViewSkin$$Lambda$220
instanceKlass javafx/scene/control/ScrollBar$StyleableProperties
instanceKlass com/sun/javafx/scene/control/skin/ListViewSkin$$Lambda$219
instanceKlass com/sun/javafx/scene/control/skin/ListViewSkin$1
instanceKlass com/sun/javafx/scene/control/skin/VirtualContainerBase$$Lambda$218
instanceKlass com/sun/javafx/scene/control/skin/VirtualFlow$4
instanceKlass com/sun/javafx/scene/control/skin/VirtualFlow$$Lambda$217
instanceKlass com/sun/javafx/scene/control/skin/VirtualFlow$$Lambda$216
instanceKlass com/sun/javafx/scene/control/skin/VirtualFlow$$Lambda$215
instanceKlass com/sun/javafx/scene/control/skin/VirtualFlow$$Lambda$214
instanceKlass com/sun/javafx/scene/control/skin/VirtualFlow$$Lambda$213
instanceKlass com/sun/javafx/scene/control/skin/VirtualFlow$$Lambda$212
instanceKlass com/sun/javafx/scene/control/skin/VirtualFlow$$Lambda$211
instanceKlass com/sun/javafx/scene/control/skin/VirtualFlow$$Lambda$210
instanceKlass com/sun/javafx/scene/control/skin/VirtualFlow$$Lambda$209
instanceKlass com/sun/javafx/scene/control/skin/VirtualFlow$3
instanceKlass com/sun/javafx/scene/control/skin/VirtualFlow$2
instanceKlass com/sun/javafx/scene/control/skin/VirtualFlow$$Lambda$208
instanceKlass com/sun/javafx/scene/control/skin/VirtualFlow$$Lambda$207
instanceKlass com/sun/javafx/scene/control/skin/VirtualFlow$$Lambda$206
instanceKlass com/sun/javafx/scene/control/skin/VirtualFlow$ClippedContainer$$Lambda$205
instanceKlass com/sun/javafx/scene/control/skin/VirtualFlow$ClippedContainer$$Lambda$204
instanceKlass com/sun/javafx/scene/control/skin/VirtualScrollBar$$Lambda$203
instanceKlass com/sun/javafx/scene/control/behavior/ListViewBehavior$2
instanceKlass com/sun/javafx/scene/control/behavior/ListViewBehavior$1
instanceKlass com/sun/javafx/scene/control/behavior/ListViewBehavior$$Lambda$202
instanceKlass com/sun/javafx/scene/control/behavior/ListViewBehavior$$Lambda$201
instanceKlass com/sun/javafx/scene/control/behavior/KeyBinding$1
instanceKlass com/sun/javafx/scene/control/skin/ListViewSkin$$Lambda$200
instanceKlass com/sun/javafx/scene/control/skin/ComboBoxListViewSkin$2
instanceKlass com/sun/javafx/scene/control/skin/ComboBoxListViewSkin$$Lambda$199
instanceKlass com/sun/javafx/scene/control/skin/ComboBoxListViewSkin$$Lambda$198
instanceKlass com/sun/javafx/scene/control/skin/ComboBoxListViewSkin$$Lambda$197
instanceKlass com/sun/javafx/scene/control/skin/CellSkinBase$StyleableProperties
instanceKlass javafx/scene/control/ListCell$3
instanceKlass javafx/scene/control/ListCell$$Lambda$196
instanceKlass javafx/scene/control/ListCell$2
instanceKlass javafx/scene/control/ListCell$$Lambda$195
instanceKlass javafx/scene/control/ListCell$1
instanceKlass javafx/scene/control/ListCell$$Lambda$194
instanceKlass javafx/scene/control/ListCell$$Lambda$193
instanceKlass javafx/scene/control/Cell$1
instanceKlass com/sun/javafx/scene/control/skin/ComboBoxListViewSkin$4
instanceKlass javafx/scene/control/ListView$StyleableProperties
instanceKlass com/sun/javafx/scene/control/skin/ComboBoxListViewSkin$$Lambda$192
instanceKlass com/sun/javafx/scene/control/skin/ComboBoxListViewSkin$$Lambda$191
instanceKlass com/sun/javafx/scene/control/skin/ComboBoxListViewSkin$$Lambda$190
instanceKlass com/sun/javafx/scene/control/skin/ComboBoxListViewSkin$$Lambda$189
instanceKlass javafx/scene/control/ListView$$Lambda$188
instanceKlass javafx/scene/control/ListView$ListViewFocusModel$$Lambda$187
instanceKlass javafx/scene/control/ListView$ListViewFocusModel$$Lambda$186
instanceKlass javafx/scene/control/FocusModel$$Lambda$185
instanceKlass javafx/scene/control/ListView$ListViewBitSetSelectionModel$$Lambda$184
instanceKlass javafx/scene/control/ListView$ListViewBitSetSelectionModel$1
instanceKlass javafx/scene/control/MultipleSelectionModelBase$1
instanceKlass javafx/scene/control/MultipleSelectionModelBase$$Lambda$183
instanceKlass com/sun/javafx/collections/MappingChange$Map
instanceKlass javafx/scene/control/MultipleSelectionModelBase$$Lambda$182
instanceKlass com/sun/javafx/scene/control/ReadOnlyUnbackedObservableList
instanceKlass javafx/scene/control/ListView$$Lambda$181
instanceKlass javafx/scene/control/FocusModel
instanceKlass com/sun/javafx/scene/control/skin/ComboBoxListViewSkin$$Lambda$180
instanceKlass com/sun/javafx/scene/control/skin/ComboBoxListViewSkin$$Lambda$179
instanceKlass com/sun/javafx/scene/control/skin/ComboBoxListViewSkin$$Lambda$178
instanceKlass com/sun/javafx/scene/control/skin/ComboBoxListViewSkin$1
instanceKlass com/sun/javafx/scene/control/skin/ComboBoxBaseSkin$$Lambda$177
instanceKlass javafx/scene/layout/StackPane$StyleableProperties
instanceKlass javafx/scene/layout/StackPane$$Lambda$176
instanceKlass javafx/scene/layout/BorderStroke
instanceKlass javafx/scene/layout/BorderStrokeStyle
instanceKlass com/sun/javafx/scene/layout/region/Margins
instanceKlass javafx/collections/FXCollections$UnmodifiableObservableSet$1
instanceKlass com/sun/javafx/css/BitSet$1
instanceKlass com/sun/javafx/font/directwrite/DWRITE_GLYPH_METRICS
instanceKlass com/sun/javafx/font/directwrite/DWRITE_GLYPH_RUN
instanceKlass com/sun/javafx/font/directwrite/RECT
instanceKlass com/sun/javafx/font/directwrite/D2D1_MATRIX_3X2_F
instanceKlass com/sun/javafx/font/directwrite/D2D1_COLOR_F
instanceKlass com/sun/javafx/font/directwrite/DWGlyph
instanceKlass com/sun/javafx/font/CMap
instanceKlass com/sun/javafx/font/Glyph
instanceKlass com/sun/javafx/geom/Path2D$Iterator
instanceKlass com/sun/javafx/scene/shape/PathUtils
instanceKlass com/sun/javafx/scene/control/skin/TextFieldSkin$8
instanceKlass com/sun/javafx/scene/control/skin/TextInputControlSkin$StyleableProperties
